Log file opened on Wed Sep 27 13:09:35 2017
Host: LAPTOP-RS9GADGE  pid: 10588  rank ID: 0  number of ranks:  1
                      :-) GROMACS - gmx mdrun, 2016.3 (-:

                            GROMACS is written by:
     Emile Apol      Rossen Apostolov  Herman J.C. Berendsen    Par Bjelkmar   
 Aldert van Buuren   Rudi van Drunen     Anton Feenstra    Gerrit Groenhof  
 Christoph Junghans   Anca Hamuraru    Vincent Hindriksen Dimitrios Karkoulis
    Peter Kasson        Jiri Kraus      Carsten Kutzner      Per Larsson    
  Justin A. Lemkul   Magnus Lundborg   Pieter Meulenhoff    Erik Marklund   
   Teemu Murtola       Szilard Pall       Sander Pronk      Roland Schulz   
  Alexey Shvetsov     Michael Shirts     Alfons Sijbers     Peter Tieleman  
  Teemu Virolainen  Christian Wennberg    Maarten Wolf   
                           and the project leaders:
        Mark Abraham, Berk Hess, Erik Lindahl, and David van der Spoel

Copyright (c) 1991-2000, University of Groningen, The Netherlands.
Copyright (c) 2001-2017, The GROMACS development team at
Uppsala University, Stockholm University and
the Royal Institute of Technology, Sweden.
check out http://www.gromacs.org for more information.

GROMACS is free software; you can redistribute it and/or modify it
under the terms of the GNU Lesser General Public License
as published by the Free Software Foundation; either version 2.1
of the License, or (at your option) any later version.

GROMACS:      gmx mdrun, version 2016.3
Executable:   C:\D\GromacsCuda\build\bin\Release\gmx.exe
Data prefix:  C:\D\GromacsCuda (source tree)
Working dir:  C:\Users\Moselhy\Bash\md
Command line:
  gmx mdrun -deffnm md_0_1

GROMACS version:    2016.3
Precision:          single
Memory model:       64 bit
MPI library:        thread_mpi
OpenMP support:     enabled (GMX_OPENMP_MAX_THREADS = 32)
GPU support:        CUDA
SIMD instructions:  AVX2_256
FFT library:        Intel MKL
RDTSCP usage:       enabled
TNG support:        enabled
Hwloc support:      disabled
Tracing support:    disabled
Built on:           Unknown date
Built by:           Anonymous@unknown [CMAKE]
Build OS/arch:      Windows-10.0.15063 AMD64
Build CPU vendor:   Intel
Build CPU brand:    Intel(R) Core(TM) i7-7700HQ CPU @ 2.80GHz
Build CPU family:   6   Model: 158   Stepping: 9
Build CPU features: aes apic avx avx2 clfsh cmov cx8 cx16 f16c fma htt lahf mmx msr nonstop_tsc pcid pclmuldq pdcm pdpe1gb popcnt pse rdrnd rdtscp sse2 sse3 sse4.1 sse4.2 ssse3 tdt x2apic
C compiler:         C:/Program Files (x86)/Microsoft Visual Studio 14.0/VC/bin/x86_amd64/cl.exe MSVC 19.0.24215.1
C compiler flags:    /arch:AVX   /DWIN32 /D_WINDOWS /W3  /MD /O2 /Ob2 /DNDEBUG  
C++ compiler:       C:/Program Files (x86)/Microsoft Visual Studio 14.0/VC/bin/x86_amd64/cl.exe MSVC 19.0.24215.1
C++ compiler flags:  /arch:AVX   /DWIN32 /D_WINDOWS /W3 /GR /EHsc   /wd4800 /wd4355 /wd4996 /wd4305 /wd4244 /wd4101 /wd4267 /wd4090  /MD /O2 /Ob2 /DNDEBUG  
CUDA compiler:      C:/Program Files/NVIDIA GPU Computing Toolkit/CUDA/v8.0/bin/nvcc.exe nvcc: NVIDIA (R) Cuda compiler driver;Copyright (c) 2005-2016 NVIDIA Corporation;Built on Mon_Jan__9_17:32:33_CST_2017;Cuda compilation tools, release 8.0, V8.0.60
CUDA compiler flags:-gencode;arch=compute_20,code=sm_20;-gencode;arch=compute_30,code=sm_30;-gencode;arch=compute_35,code=sm_35;-gencode;arch=compute_37,code=sm_37;-gencode;arch=compute_50,code=sm_50;-gencode;arch=compute_52,code=sm_52;-gencode;arch=compute_60,code=sm_60;-gencode;arch=compute_61,code=sm_61;-gencode;arch=compute_60,code=compute_60;-gencode;arch=compute_61,code=compute_61;-use_fast_math;;;-Xcompiler;,/arch:AVX,,,/DWIN32,/D_WINDOWS,/W3,/GR,/EHsc,,,/wd4800,/wd4355,/wd4996,/wd4305,/wd4244,/wd4101,/wd4267,/wd4090,;-Xcompiler;/MD,/O2,/Ob2,/DNDEBUG,,; 
CUDA driver:        9.0
CUDA runtime:       8.0


Running on 1 node with total 4 cores, 8 logical cores, 1 compatible GPU
Hardware detected:
  CPU info:
    Vendor: Intel
    Brand:  Intel(R) Core(TM) i7-7700HQ CPU @ 2.80GHz
    Family: 6   Model: 158   Stepping: 9
    Features: aes apic avx avx2 clfsh cmov cx8 cx16 f16c fma htt lahf mmx msr nonstop_tsc pcid pclmuldq pdcm pdpe1gb popcnt pse rdrnd rdtscp sse2 sse3 sse4.1 sse4.2 ssse3 tdt x2apic
    SIMD instructions most likely to fit this hardware: AVX2_256
    SIMD instructions selected at GROMACS compile time: AVX2_256

  Hardware topology: Basic
    Sockets, cores, and logical processors:
      Socket  0: [   0   1] [   2   3] [   4   5] [   6   7]
  GPU info:
    Number of GPUs detected: 1
    #0: NVIDIA GeForce GTX 1050 Ti, compute cap.: 6.1, ECC:  no, stat: compatible


++++ PLEASE READ AND CITE THE FOLLOWING REFERENCE ++++
M. J. Abraham, T. Murtola, R. Schulz, S. Páll, J. C. Smith, B. Hess, E.
Lindahl
GROMACS: High performance molecular simulations through multi-level
parallelism from laptops to supercomputers
SoftwareX 1 (2015) pp. 19-25
-------- -------- --- Thank You --- -------- --------


++++ PLEASE READ AND CITE THE FOLLOWING REFERENCE ++++
S. Páll, M. J. Abraham, C. Kutzner, B. Hess, E. Lindahl
Tackling Exascale Software Challenges in Molecular Dynamics Simulations with
GROMACS
In S. Markidis & E. Laure (Eds.), Solving Software Challenges for Exascale 8759 (2015) pp. 3-27
-------- -------- --- Thank You --- -------- --------


++++ PLEASE READ AND CITE THE FOLLOWING REFERENCE ++++
S. Pronk, S. Páll, R. Schulz, P. Larsson, P. Bjelkmar, R. Apostolov, M. R.
Shirts, J. C. Smith, P. M. Kasson, D. van der Spoel, B. Hess, and E. Lindahl
GROMACS 4.5: a high-throughput and highly parallel open source molecular
simulation toolkit
Bioinformatics 29 (2013) pp. 845-54
-------- -------- --- Thank You --- -------- --------


++++ PLEASE READ AND CITE THE FOLLOWING REFERENCE ++++
B. Hess and C. Kutzner and D. van der Spoel and E. Lindahl
GROMACS 4: Algorithms for highly efficient, load-balanced, and scalable
molecular simulation
J. Chem. Theory Comput. 4 (2008) pp. 435-447
-------- -------- --- Thank You --- -------- --------


++++ PLEASE READ AND CITE THE FOLLOWING REFERENCE ++++
D. van der Spoel, E. Lindahl, B. Hess, G. Groenhof, A. E. Mark and H. J. C.
Berendsen
GROMACS: Fast, Flexible and Free
J. Comp. Chem. 26 (2005) pp. 1701-1719
-------- -------- --- Thank You --- -------- --------


++++ PLEASE READ AND CITE THE FOLLOWING REFERENCE ++++
E. Lindahl and B. Hess and D. van der Spoel
GROMACS 3.0: A package for molecular simulation and trajectory analysis
J. Mol. Mod. 7 (2001) pp. 306-317
-------- -------- --- Thank You --- -------- --------


++++ PLEASE READ AND CITE THE FOLLOWING REFERENCE ++++
H. J. C. Berendsen, D. van der Spoel and R. van Drunen
GROMACS: A message-passing parallel molecular dynamics implementation
Comp. Phys. Comm. 91 (1995) pp. 43-56
-------- -------- --- Thank You --- -------- --------


For optimal performance with a GPU nstlist (now 10) should be larger.
The optimum depends on your CPU and GPU resources.
You might want to try several nstlist values.
Changing nstlist from 10 to 40, rlist from 1 to 1.095

Input Parameters:
   integrator                     = md
   tinit                          = 0
   dt                             = 0.002
   nsteps                         = 500000
   init-step                      = 0
   simulation-part                = 1
   comm-mode                      = Linear
   nstcomm                        = 100
   bd-fric                        = 0
   ld-seed                        = -145303555
   emtol                          = 10
   emstep                         = 0.01
   niter                          = 20
   fcstep                         = 0
   nstcgsteep                     = 1000
   nbfgscorr                      = 10
   rtpi                           = 0.05
   nstxout                        = 5000
   nstvout                        = 5000
   nstfout                        = 0
   nstlog                         = 5000
   nstcalcenergy                  = 100
   nstenergy                      = 5000
   nstxout-compressed             = 5000
   compressed-x-precision         = 1000
   cutoff-scheme                  = Verlet
   nstlist                        = 40
   ns-type                        = Grid
   pbc                            = xyz
   periodic-molecules             = false
   verlet-buffer-tolerance        = 0.005
   rlist                          = 1.095
   coulombtype                    = PME
   coulomb-modifier               = Potential-shift
   rcoulomb-switch                = 0
   rcoulomb                       = 1
   epsilon-r                      = 1
   epsilon-rf                     = inf
   vdw-type                       = Cut-off
   vdw-modifier                   = Potential-shift
   rvdw-switch                    = 0
   rvdw                           = 1
   DispCorr                       = EnerPres
   table-extension                = 1
   fourierspacing                 = 0.16
   fourier-nx                     = 80
   fourier-ny                     = 80
   fourier-nz                     = 80
   pme-order                      = 4
   ewald-rtol                     = 1e-05
   ewald-rtol-lj                  = 0.001
   lj-pme-comb-rule               = Geometric
   ewald-geometry                 = 0
   epsilon-surface                = 0
   implicit-solvent               = No
   gb-algorithm                   = Still
   nstgbradii                     = 1
   rgbradii                       = 1
   gb-epsilon-solvent             = 80
   gb-saltconc                    = 0
   gb-obc-alpha                   = 1
   gb-obc-beta                    = 0.8
   gb-obc-gamma                   = 4.85
   gb-dielectric-offset           = 0.009
   sa-algorithm                   = Ace-approximation
   sa-surface-tension             = 2.05016
   tcoupl                         = V-rescale
   nsttcouple                     = 10
   nh-chain-length                = 0
   print-nose-hoover-chain-variables = false
   pcoupl                         = Parrinello-Rahman
   pcoupltype                     = Isotropic
   nstpcouple                     = 10
   tau-p                          = 2
   compressibility (3x3):
      compressibility[    0]={ 4.50000e-05,  0.00000e+00,  0.00000e+00}
      compressibility[    1]={ 0.00000e+00,  4.50000e-05,  0.00000e+00}
      compressibility[    2]={ 0.00000e+00,  0.00000e+00,  4.50000e-05}
   ref-p (3x3):
      ref-p[    0]={ 1.00000e+00,  0.00000e+00,  0.00000e+00}
      ref-p[    1]={ 0.00000e+00,  1.00000e+00,  0.00000e+00}
      ref-p[    2]={ 0.00000e+00,  0.00000e+00,  1.00000e+00}
   refcoord-scaling               = No
   posres-com (3):
      posres-com[0]= 0.00000e+00
      posres-com[1]= 0.00000e+00
      posres-com[2]= 0.00000e+00
   posres-comB (3):
      posres-comB[0]= 0.00000e+00
      posres-comB[1]= 0.00000e+00
      posres-comB[2]= 0.00000e+00
   QMMM                           = false
   QMconstraints                  = 0
   QMMMscheme                     = 0
   MMChargeScaleFactor            = 1
qm-opts:
   ngQM                           = 0
   constraint-algorithm           = Lincs
   continuation                   = true
   Shake-SOR                      = false
   shake-tol                      = 0.0001
   lincs-order                    = 4
   lincs-iter                     = 1
   lincs-warnangle                = 30
   nwall                          = 0
   wall-type                      = 9-3
   wall-r-linpot                  = -1
   wall-atomtype[0]               = -1
   wall-atomtype[1]               = -1
   wall-density[0]                = 0
   wall-density[1]                = 0
   wall-ewald-zfac                = 3
   pull                           = false
   rotation                       = false
   interactiveMD                  = false
   disre                          = No
   disre-weighting                = Conservative
   disre-mixed                    = false
   dr-fc                          = 1000
   dr-tau                         = 0
   nstdisreout                    = 100
   orire-fc                       = 0
   orire-tau                      = 0
   nstorireout                    = 100
   free-energy                    = no
   cos-acceleration               = 0
   deform (3x3):
      deform[    0]={ 0.00000e+00,  0.00000e+00,  0.00000e+00}
      deform[    1]={ 0.00000e+00,  0.00000e+00,  0.00000e+00}
      deform[    2]={ 0.00000e+00,  0.00000e+00,  0.00000e+00}
   simulated-tempering            = false
   E-x:
      n = 0
   E-xt:
      n = 0
   E-y:
      n = 0
   E-yt:
      n = 0
   E-z:
      n = 0
   E-zt:
      n = 0
   swapcoords                     = no
   userint1                       = 0
   userint2                       = 0
   userint3                       = 0
   userint4                       = 0
   userreal1                      = 0
   userreal2                      = 0
   userreal3                      = 0
   userreal4                      = 0
grpopts:
   nrdf:     898.988      233259
   ref-t:         300         300
   tau-t:         0.1         0.1
annealing:          No          No
annealing-npoints:           0           0
   acc:	           0           0           0
   nfreeze:           N           N           N
   energygrp-flags[  0]: 0

Using 1 MPI thread
Using 8 OpenMP threads 

1 compatible GPU is present, with ID 0
1 GPU auto-selected for this run.
Mapping of GPU ID to the 1 PP rank in this node: 0

Will do PME sum in reciprocal space for electrostatic interactions.

++++ PLEASE READ AND CITE THE FOLLOWING REFERENCE ++++
U. Essmann, L. Perera, M. L. Berkowitz, T. Darden, H. Lee and L. G. Pedersen 
A smooth particle mesh Ewald method
J. Chem. Phys. 103 (1995) pp. 8577-8592
-------- -------- --- Thank You --- -------- --------

Will do ordinary reciprocal space Ewald sum.
Using a Gaussian width (1/beta) of 0.320163 nm for Ewald
Cut-off's:   NS: 1.095   Coulomb: 1   LJ: 1
Long Range LJ corr.: <C6> 2.8130e-04
System total charge: 0.000
Generated table with 1047 data points for Ewald.
Tabscale = 500 points/nm
Generated table with 1047 data points for LJ6.
Tabscale = 500 points/nm
Generated table with 1047 data points for LJ12.
Tabscale = 500 points/nm
Generated table with 1047 data points for 1-4 COUL.
Tabscale = 500 points/nm
Generated table with 1047 data points for 1-4 LJ6.
Tabscale = 500 points/nm
Generated table with 1047 data points for 1-4 LJ12.
Tabscale = 500 points/nm
Potential shift: LJ r^-12: -1.000e+00 r^-6: -1.000e+00, Ewald -1.000e-05
Initialized non-bonded Ewald correction tables, spacing: 9.33e-04 size: 1073


Using GPU 8x8 non-bonded kernels

Using Lorentz-Berthelot Lennard-Jones combination rule

Pinning threads with an auto-selected logical core stride of 1

Initializing LINear Constraint Solver

++++ PLEASE READ AND CITE THE FOLLOWING REFERENCE ++++
B. Hess and H. Bekker and H. J. C. Berendsen and J. G. E. M. Fraaije
LINCS: A Linear Constraint Solver for molecular simulations
J. Comp. Chem. 18 (1997) pp. 1463-1472
-------- -------- --- Thank You --- -------- --------

The number of constraints is 457

++++ PLEASE READ AND CITE THE FOLLOWING REFERENCE ++++
S. Miyamoto and P. A. Kollman
SETTLE: An Analytical Version of the SHAKE and RATTLE Algorithms for Rigid
Water Models
J. Comp. Chem. 13 (1992) pp. 952-962
-------- -------- --- Thank You --- -------- --------

Intra-simulation communication will occur every 10 steps.
Center of mass motion removal mode is Linear
We have the following groups for center of mass motion removal:
  0:  rest

++++ PLEASE READ AND CITE THE FOLLOWING REFERENCE ++++
G. Bussi, D. Donadio and M. Parrinello
Canonical sampling through velocity rescaling
J. Chem. Phys. 126 (2007) pp. 014101
-------- -------- --- Thank You --- -------- --------

There are: 116973 Atoms
Initial temperature: 299.532 K

Started mdrun on rank 0 Wed Sep 27 13:09:37 2017
           Step           Time
              0        0.00000

   Energies (kJ/mol)
          Angle    Proper Dih.  Improper Dih.          LJ-14     Coulomb-14
    9.31582e+02    1.12072e+03    7.89353e+01    4.58580e+02    6.01196e+03
        LJ (SR)  Disper. corr.   Coulomb (SR)   Coul. recip.      Potential
    2.51993e+05   -1.35680e+04   -1.89799e+06    1.06666e+04   -1.64030e+06
    Kinetic En.   Total Energy    Temperature Pres. DC (bar) Pressure (bar)
    2.91473e+05   -1.34882e+06    2.99423e+02   -1.90065e+02   -8.40009e+00
   Constr. rmsd
    3.44106e-05

step   80: timed with pme grid 80 80 80, coulomb cutoff 1.000: 2425.1 M-cycles
step  160: timed with pme grid 64 64 64, coulomb cutoff 1.161: 2124.7 M-cycles
step  240: timed with pme grid 56 56 56, coulomb cutoff 1.326: 2161.6 M-cycles
step  320: timed with pme grid 48 48 48, coulomb cutoff 1.547: 2925.0 M-cycles
step  400: timed with pme grid 52 52 52, coulomb cutoff 1.428: 2310.7 M-cycles
step  480: timed with pme grid 56 56 56, coulomb cutoff 1.326: 2105.1 M-cycles
step  560: timed with pme grid 60 60 60, coulomb cutoff 1.238: 3037.2 M-cycles
step  640: timed with pme grid 64 64 64, coulomb cutoff 1.161: 2499.9 M-cycles
step  720: timed with pme grid 72 72 72, coulomb cutoff 1.032: 2270.5 M-cycles
step  800: timed with pme grid 52 52 52, coulomb cutoff 1.428: 3156.9 M-cycles
step  880: timed with pme grid 56 56 56, coulomb cutoff 1.326: 3069.0 M-cycles
step  960: timed with pme grid 64 64 64, coulomb cutoff 1.161: 2092.3 M-cycles
step 1040: timed with pme grid 72 72 72, coulomb cutoff 1.032: 2177.9 M-cycles
step 1120: timed with pme grid 52 52 52, coulomb cutoff 1.428: 2175.4 M-cycles
step 1200: timed with pme grid 56 56 56, coulomb cutoff 1.326: 2357.8 M-cycles
step 1280: timed with pme grid 60 60 60, coulomb cutoff 1.238: 2128.5 M-cycles
step 1360: timed with pme grid 64 64 64, coulomb cutoff 1.161: 2081.7 M-cycles
step 1440: timed with pme grid 72 72 72, coulomb cutoff 1.032: 2179.6 M-cycles
step 1520: timed with pme grid 52 52 52, coulomb cutoff 1.428: 2205.5 M-cycles
step 1600: timed with pme grid 56 56 56, coulomb cutoff 1.326: 2649.4 M-cycles
step 1680: timed with pme grid 60 60 60, coulomb cutoff 1.238: 2482.9 M-cycles
step 1760: timed with pme grid 64 64 64, coulomb cutoff 1.161: 2096.1 M-cycles
step 1840: timed with pme grid 72 72 72, coulomb cutoff 1.032: 2643.1 M-cycles
              optimal pme grid 64 64 64, coulomb cutoff 1.161
           Step           Time
           5000       10.00000

   Energies (kJ/mol)
          Angle    Proper Dih.  Improper Dih.          LJ-14     Coulomb-14
    9.20831e+02    1.16225e+03    1.01381e+02    4.65773e+02    6.09398e+03
        LJ (SR)  Disper. corr.   Coulomb (SR)   Coul. recip.      Potential
    2.50233e+05   -1.35999e+04   -1.89295e+06    6.20775e+03   -1.64136e+06
    Kinetic En.   Total Energy    Temperature Pres. DC (bar) Pressure (bar)
    2.92246e+05   -1.34912e+06    3.00217e+02   -1.90959e+02   -3.73614e+01
   Constr. rmsd
    2.80335e-05

           Step           Time
          10000       20.00000

   Energies (kJ/mol)
          Angle    Proper Dih.  Improper Dih.          LJ-14     Coulomb-14
    8.85269e+02    1.16595e+03    1.02524e+02    4.64439e+02    6.09474e+03
        LJ (SR)  Disper. corr.   Coulomb (SR)   Coul. recip.      Potential
    2.51960e+05   -1.36020e+04   -1.89494e+06    6.31242e+03   -1.64156e+06
    Kinetic En.   Total Energy    Temperature Pres. DC (bar) Pressure (bar)
    2.91950e+05   -1.34961e+06    2.99913e+02   -1.91016e+02    1.31579e+01
   Constr. rmsd
    2.89507e-05

           Step           Time
          15000       30.00000

   Energies (kJ/mol)
          Angle    Proper Dih.  Improper Dih.          LJ-14     Coulomb-14
    9.83884e+02    1.11207e+03    7.54067e+01    4.77298e+02    6.03460e+03
        LJ (SR)  Disper. corr.   Coulomb (SR)   Coul. recip.      Potential
    2.50349e+05   -1.35416e+04   -1.89011e+06    6.30260e+03   -1.63831e+06
    Kinetic En.   Total Energy    Temperature Pres. DC (bar) Pressure (bar)
    2.92586e+05   -1.34573e+06    3.00567e+02   -1.89326e+02   -3.17697e+01
   Constr. rmsd
    2.21404e-05

           Step           Time
          20000       40.00000

   Energies (kJ/mol)
          Angle    Proper Dih.  Improper Dih.          LJ-14     Coulomb-14
    9.29345e+02    1.16550e+03    8.25997e+01    4.73957e+02    6.03369e+03
        LJ (SR)  Disper. corr.   Coulomb (SR)   Coul. recip.      Potential
    2.49813e+05   -1.35493e+04   -1.88847e+06    6.21917e+03   -1.63730e+06
    Kinetic En.   Total Energy    Temperature Pres. DC (bar) Pressure (bar)
    2.91395e+05   -1.34591e+06    2.99343e+02   -1.89540e+02   -5.16194e+01
   Constr. rmsd
    2.75758e-05

           Step           Time
          25000       50.00000

   Energies (kJ/mol)
          Angle    Proper Dih.  Improper Dih.          LJ-14     Coulomb-14
    9.29916e+02    1.17050e+03    8.66543e+01    4.60336e+02    6.04148e+03
        LJ (SR)  Disper. corr.   Coulomb (SR)   Coul. recip.      Potential
    2.50542e+05   -1.35644e+04   -1.89032e+06    6.26368e+03   -1.63839e+06
    Kinetic En.   Total Energy    Temperature Pres. DC (bar) Pressure (bar)
    2.91962e+05   -1.34642e+06    2.99925e+02   -1.89963e+02   -2.59163e+01
   Constr. rmsd
    2.56218e-05

           Step           Time
          30000       60.00000

   Energies (kJ/mol)
          Angle    Proper Dih.  Improper Dih.          LJ-14     Coulomb-14
    9.31550e+02    1.18857e+03    9.61300e+01    4.55963e+02    6.09726e+03
        LJ (SR)  Disper. corr.   Coulomb (SR)   Coul. recip.      Potential
    2.50835e+05   -1.35793e+04   -1.89015e+06    6.47425e+03   -1.63765e+06
    Kinetic En.   Total Energy    Temperature Pres. DC (bar) Pressure (bar)
    2.92938e+05   -1.34471e+06    3.00928e+02   -1.90380e+02   -1.57732e+00
   Constr. rmsd
    2.99046e-05

           Step           Time
          35000       70.00000

   Energies (kJ/mol)
          Angle    Proper Dih.  Improper Dih.          LJ-14     Coulomb-14
    9.98400e+02    1.15337e+03    9.47691e+01    4.61536e+02    6.02792e+03
        LJ (SR)  Disper. corr.   Coulomb (SR)   Coul. recip.      Potential
    2.49806e+05   -1.35866e+04   -1.88915e+06    6.28969e+03   -1.63790e+06
    Kinetic En.   Total Energy    Temperature Pres. DC (bar) Pressure (bar)
    2.92721e+05   -1.34518e+06    3.00705e+02   -1.90585e+02   -1.36508e+00
   Constr. rmsd
    2.84828e-05

           Step           Time
          40000       80.00000

   Energies (kJ/mol)
          Angle    Proper Dih.  Improper Dih.          LJ-14     Coulomb-14
    9.74370e+02    1.14172e+03    9.79281e+01    4.76498e+02    6.05080e+03
        LJ (SR)  Disper. corr.   Coulomb (SR)   Coul. recip.      Potential
    2.51130e+05   -1.35807e+04   -1.89164e+06    6.23012e+03   -1.63911e+06
    Kinetic En.   Total Energy    Temperature Pres. DC (bar) Pressure (bar)
    2.94030e+05   -1.34508e+06    3.02049e+02   -1.90419e+02    2.65357e+01
   Constr. rmsd
    2.57314e-05

Writing checkpoint, step 44440 at Wed Sep 27 13:24:37 2017


           Step           Time
          45000       90.00000

   Energies (kJ/mol)
          Angle    Proper Dih.  Improper Dih.          LJ-14     Coulomb-14
    9.74279e+02    1.17050e+03    8.39529e+01    4.57589e+02    6.12542e+03
        LJ (SR)  Disper. corr.   Coulomb (SR)   Coul. recip.      Potential
    2.51399e+05   -1.35943e+04   -1.89132e+06    6.35150e+03   -1.63836e+06
    Kinetic En.   Total Energy    Temperature Pres. DC (bar) Pressure (bar)
    2.91027e+05   -1.34733e+06    2.98965e+02   -1.90801e+02    1.32391e+01
   Constr. rmsd
    2.84728e-05

           Step           Time
          50000      100.00000

   Energies (kJ/mol)
          Angle    Proper Dih.  Improper Dih.          LJ-14     Coulomb-14
    9.06975e+02    1.19583e+03    1.07358e+02    4.75080e+02    6.10183e+03
        LJ (SR)  Disper. corr.   Coulomb (SR)   Coul. recip.      Potential
    2.49549e+05   -1.35673e+04   -1.89018e+06    6.18652e+03   -1.63922e+06
    Kinetic En.   Total Energy    Temperature Pres. DC (bar) Pressure (bar)
    2.92283e+05   -1.34694e+06    3.00255e+02   -1.90045e+02   -5.91576e+01
   Constr. rmsd
    2.99251e-05

           Step           Time
          55000      110.00000

   Energies (kJ/mol)
          Angle    Proper Dih.  Improper Dih.          LJ-14     Coulomb-14
    9.54174e+02    1.18633e+03    9.46965e+01    4.81030e+02    6.07328e+03
        LJ (SR)  Disper. corr.   Coulomb (SR)   Coul. recip.      Potential
    2.49433e+05   -1.36000e+04   -1.88971e+06    6.29709e+03   -1.63879e+06
    Kinetic En.   Total Energy    Temperature Pres. DC (bar) Pressure (bar)
    2.90971e+05   -1.34782e+06    2.98908e+02   -1.90961e+02   -5.73379e+01
   Constr. rmsd
    2.24155e-05

           Step           Time
          60000      120.00000

   Energies (kJ/mol)
          Angle    Proper Dih.  Improper Dih.          LJ-14     Coulomb-14
    8.98230e+02    1.16425e+03    8.46862e+01    4.77023e+02    6.10160e+03
        LJ (SR)  Disper. corr.   Coulomb (SR)   Coul. recip.      Potential
    2.51599e+05   -1.35975e+04   -1.89459e+06    6.13884e+03   -1.64172e+06
    Kinetic En.   Total Energy    Temperature Pres. DC (bar) Pressure (bar)
    2.91553e+05   -1.35017e+06    2.99505e+02   -1.90890e+02   -6.45424e+00
   Constr. rmsd
    2.95374e-05

Writing checkpoint, step 60040 at Wed Sep 27 14:04:50 2017


Writing checkpoint, step 60080 at Wed Sep 27 14:04:51 2017


           Step           Time
          65000      130.00000

   Energies (kJ/mol)
          Angle    Proper Dih.  Improper Dih.          LJ-14     Coulomb-14
    9.08854e+02    1.15206e+03    9.74418e+01    4.79657e+02    6.13783e+03
        LJ (SR)  Disper. corr.   Coulomb (SR)   Coul. recip.      Potential
    2.51576e+05   -1.35635e+04   -1.89236e+06    6.28673e+03   -1.63928e+06
    Kinetic En.   Total Energy    Temperature Pres. DC (bar) Pressure (bar)
    2.93620e+05   -1.34566e+06    3.01629e+02   -1.89939e+02   -4.20024e+00
   Constr. rmsd
    2.82521e-05

           Step           Time
          70000      140.00000

   Energies (kJ/mol)
          Angle    Proper Dih.  Improper Dih.          LJ-14     Coulomb-14
    9.50397e+02    1.13776e+03    1.12593e+02    4.57949e+02    6.12360e+03
        LJ (SR)  Disper. corr.   Coulomb (SR)   Coul. recip.      Potential
    2.51268e+05   -1.35714e+04   -1.89403e+06    6.14985e+03   -1.64140e+06
    Kinetic En.   Total Energy    Temperature Pres. DC (bar) Pressure (bar)
    2.93207e+05   -1.34819e+06    3.01205e+02   -1.90161e+02   -2.06292e+01
   Constr. rmsd
    2.35485e-05

           Step           Time
          75000      150.00000

   Energies (kJ/mol)
          Angle    Proper Dih.  Improper Dih.          LJ-14     Coulomb-14
    8.99182e+02    1.19276e+03    9.04688e+01    4.57573e+02    6.15240e+03
        LJ (SR)  Disper. corr.   Coulomb (SR)   Coul. recip.      Potential
    2.51599e+05   -1.35681e+04   -1.89215e+06    6.29215e+03   -1.63903e+06
    Kinetic En.   Total Energy    Temperature Pres. DC (bar) Pressure (bar)
    2.91880e+05   -1.34715e+06    2.99841e+02   -1.90067e+02    2.10725e+01
   Constr. rmsd
    2.45897e-05

           Step           Time
          80000      160.00000

   Energies (kJ/mol)
          Angle    Proper Dih.  Improper Dih.          LJ-14     Coulomb-14
    9.37975e+02    1.12929e+03    7.39596e+01    4.77859e+02    6.10564e+03
        LJ (SR)  Disper. corr.   Coulomb (SR)   Coul. recip.      Potential
    2.49983e+05   -1.35368e+04   -1.88988e+06    6.22815e+03   -1.63849e+06
    Kinetic En.   Total Energy    Temperature Pres. DC (bar) Pressure (bar)
    2.92453e+05   -1.34603e+06    3.00429e+02   -1.89192e+02   -9.33669e+01
   Constr. rmsd
    3.37565e-05

Writing checkpoint, step 84000 at Wed Sep 27 14:09:37 2017


           Step           Time
          85000      170.00000

   Energies (kJ/mol)
          Angle    Proper Dih.  Improper Dih.          LJ-14     Coulomb-14
    8.90183e+02    1.16113e+03    9.95369e+01    4.80785e+02    6.05231e+03
        LJ (SR)  Disper. corr.   Coulomb (SR)   Coul. recip.      Potential
    2.52287e+05   -1.35789e+04   -1.89023e+06    6.36290e+03   -1.63648e+06
    Kinetic En.   Total Energy    Temperature Pres. DC (bar) Pressure (bar)
    2.90792e+05   -1.34569e+06    2.98724e+02   -1.90368e+02    1.13644e+02
   Constr. rmsd
    2.45927e-05

           Step           Time
          90000      180.00000

   Energies (kJ/mol)
          Angle    Proper Dih.  Improper Dih.          LJ-14     Coulomb-14
    9.24381e+02    1.16167e+03    7.26724e+01    4.80748e+02    6.17278e+03
        LJ (SR)  Disper. corr.   Coulomb (SR)   Coul. recip.      Potential
    2.50159e+05   -1.35693e+04   -1.89265e+06    6.26743e+03   -1.64098e+06
    Kinetic En.   Total Energy    Temperature Pres. DC (bar) Pressure (bar)
    2.91754e+05   -1.34923e+06    2.99712e+02   -1.90100e+02   -1.12642e+02
   Constr. rmsd
    3.22141e-05

           Step           Time
          95000      190.00000

   Energies (kJ/mol)
          Angle    Proper Dih.  Improper Dih.          LJ-14     Coulomb-14
    9.39673e+02    1.12774e+03    8.83313e+01    4.95431e+02    6.07884e+03
        LJ (SR)  Disper. corr.   Coulomb (SR)   Coul. recip.      Potential
    2.51521e+05   -1.36212e+04   -1.89432e+06    6.21831e+03   -1.64147e+06
    Kinetic En.   Total Energy    Temperature Pres. DC (bar) Pressure (bar)
    2.91130e+05   -1.35034e+06    2.99071e+02   -1.91555e+02    1.67563e+01
   Constr. rmsd
    2.72563e-05

           Step           Time
         100000      200.00000

   Energies (kJ/mol)
          Angle    Proper Dih.  Improper Dih.          LJ-14     Coulomb-14
    8.89507e+02    1.15995e+03    8.96158e+01    4.84678e+02    6.08163e+03
        LJ (SR)  Disper. corr.   Coulomb (SR)   Coul. recip.      Potential
    2.49845e+05   -1.36178e+04   -1.89040e+06    6.22920e+03   -1.63924e+06
    Kinetic En.   Total Energy    Temperature Pres. DC (bar) Pressure (bar)
    2.91556e+05   -1.34768e+06    2.99508e+02   -1.91462e+02   -1.41045e+01
   Constr. rmsd
    2.72725e-05

           Step           Time
         105000      210.00000

   Energies (kJ/mol)
          Angle    Proper Dih.  Improper Dih.          LJ-14     Coulomb-14
    9.31863e+02    1.19796e+03    9.19086e+01    4.77649e+02    6.08899e+03
        LJ (SR)  Disper. corr.   Coulomb (SR)   Coul. recip.      Potential
    2.50721e+05   -1.35908e+04   -1.89163e+06    6.23779e+03   -1.63948e+06
    Kinetic En.   Total Energy    Temperature Pres. DC (bar) Pressure (bar)
    2.92434e+05   -1.34704e+06    3.00410e+02   -1.90704e+02    3.21304e+00
   Constr. rmsd
    2.90939e-05

           Step           Time
         110000      220.00000

   Energies (kJ/mol)
          Angle    Proper Dih.  Improper Dih.          LJ-14     Coulomb-14
    9.23119e+02    1.17848e+03    9.70919e+01    4.87014e+02    6.10188e+03
        LJ (SR)  Disper. corr.   Coulomb (SR)   Coul. recip.      Potential
    2.48547e+05   -1.36001e+04   -1.89140e+06    6.27126e+03   -1.64139e+06
    Kinetic En.   Total Energy    Temperature Pres. DC (bar) Pressure (bar)
    2.92104e+05   -1.34929e+06    3.00071e+02   -1.90963e+02   -1.15877e+02
   Constr. rmsd
    2.55778e-05

           Step           Time
         115000      230.00000

   Energies (kJ/mol)
          Angle    Proper Dih.  Improper Dih.          LJ-14     Coulomb-14
    9.26458e+02    1.11095e+03    7.28688e+01    4.84108e+02    6.16292e+03
        LJ (SR)  Disper. corr.   Coulomb (SR)   Coul. recip.      Potential
    2.52875e+05   -1.36051e+04   -1.89389e+06    6.34377e+03   -1.63952e+06
    Kinetic En.   Total Energy    Temperature Pres. DC (bar) Pressure (bar)
    2.91654e+05   -1.34787e+06    2.99609e+02   -1.91105e+02    1.01287e+02
   Constr. rmsd
    2.52350e-05

           Step           Time
         120000      240.00000

   Energies (kJ/mol)
          Angle    Proper Dih.  Improper Dih.          LJ-14     Coulomb-14
    9.35339e+02    1.13174e+03    8.46002e+01    4.77263e+02    6.16809e+03
        LJ (SR)  Disper. corr.   Coulomb (SR)   Coul. recip.      Potential
    2.51315e+05   -1.36140e+04   -1.89197e+06    6.26077e+03   -1.63921e+06
    Kinetic En.   Total Energy    Temperature Pres. DC (bar) Pressure (bar)
    2.91742e+05   -1.34747e+06    2.99699e+02   -1.91354e+02    4.76324e+01
   Constr. rmsd
    3.21516e-05

           Step           Time
         125000      250.00000

   Energies (kJ/mol)
          Angle    Proper Dih.  Improper Dih.          LJ-14     Coulomb-14
    8.52024e+02    1.14325e+03    7.35128e+01    4.75851e+02    6.17195e+03
        LJ (SR)  Disper. corr.   Coulomb (SR)   Coul. recip.      Potential
    2.50765e+05   -1.35912e+04   -1.89299e+06    6.38870e+03   -1.64071e+06
    Kinetic En.   Total Energy    Temperature Pres. DC (bar) Pressure (bar)
    2.91287e+05   -1.34943e+06    2.99232e+02   -1.90714e+02   -3.99250e+01
   Constr. rmsd
    2.77577e-05

           Step           Time
         130000      260.00000

   Energies (kJ/mol)
          Angle    Proper Dih.  Improper Dih.          LJ-14     Coulomb-14
    9.05529e+02    1.13397e+03    6.62178e+01    4.83864e+02    6.13191e+03
        LJ (SR)  Disper. corr.   Coulomb (SR)   Coul. recip.      Potential
    2.51409e+05   -1.35572e+04   -1.89157e+06    6.24014e+03   -1.63876e+06
    Kinetic En.   Total Energy    Temperature Pres. DC (bar) Pressure (bar)
    2.93553e+05   -1.34521e+06    3.01559e+02   -1.89763e+02   -5.54710e+00
   Constr. rmsd
    2.59776e-05

           Step           Time
         135000      270.00000

   Energies (kJ/mol)
          Angle    Proper Dih.  Improper Dih.          LJ-14     Coulomb-14
    8.75446e+02    1.15200e+03    9.83976e+01    4.87936e+02    6.13253e+03
        LJ (SR)  Disper. corr.   Coulomb (SR)   Coul. recip.      Potential
    2.49248e+05   -1.35573e+04   -1.89032e+06    6.29710e+03   -1.63958e+06
    Kinetic En.   Total Energy    Temperature Pres. DC (bar) Pressure (bar)
    2.92476e+05   -1.34710e+06    3.00453e+02   -1.89765e+02   -9.83126e+01
   Constr. rmsd
    2.53907e-05

           Step           Time
         140000      280.00000

   Energies (kJ/mol)
          Angle    Proper Dih.  Improper Dih.          LJ-14     Coulomb-14
    9.38891e+02    1.14537e+03    7.09758e+01    4.76127e+02    6.13285e+03
        LJ (SR)  Disper. corr.   Coulomb (SR)   Coul. recip.      Potential
    2.47398e+05   -1.35872e+04   -1.88633e+06    6.30210e+03   -1.63746e+06
    Kinetic En.   Total Energy    Temperature Pres. DC (bar) Pressure (bar)
    2.92629e+05   -1.34483e+06    3.00610e+02   -1.90601e+02   -1.24981e+02
   Constr. rmsd
    2.53728e-05

           Step           Time
         145000      290.00000

   Energies (kJ/mol)
          Angle    Proper Dih.  Improper Dih.          LJ-14     Coulomb-14
    8.69751e+02    1.14911e+03    9.38077e+01    4.87836e+02    6.14483e+03
        LJ (SR)  Disper. corr.   Coulomb (SR)   Coul. recip.      Potential
    2.51675e+05   -1.36092e+04   -1.89477e+06    6.32158e+03   -1.64164e+06
    Kinetic En.   Total Energy    Temperature Pres. DC (bar) Pressure (bar)
    2.92820e+05   -1.34882e+06    3.00807e+02   -1.91220e+02    3.23384e+01
   Constr. rmsd
    2.60225e-05

           Step           Time
         150000      300.00000

   Energies (kJ/mol)
          Angle    Proper Dih.  Improper Dih.          LJ-14     Coulomb-14
    8.30768e+02    1.14117e+03    7.39322e+01    4.95173e+02    6.17325e+03
        LJ (SR)  Disper. corr.   Coulomb (SR)   Coul. recip.      Potential
    2.48961e+05   -1.36271e+04   -1.89068e+06    6.22530e+03   -1.64041e+06
    Kinetic En.   Total Energy    Temperature Pres. DC (bar) Pressure (bar)
    2.92331e+05   -1.34808e+06    3.00305e+02   -1.91722e+02   -3.42268e+01
   Constr. rmsd
    2.60417e-05

           Step           Time
         155000      310.00000

   Energies (kJ/mol)
          Angle    Proper Dih.  Improper Dih.          LJ-14     Coulomb-14
    9.32056e+02    1.19848e+03    9.61017e+01    4.74467e+02    6.09908e+03
        LJ (SR)  Disper. corr.   Coulomb (SR)   Coul. recip.      Potential
    2.51360e+05   -1.35972e+04   -1.89245e+06    6.18032e+03   -1.63971e+06
    Kinetic En.   Total Energy    Temperature Pres. DC (bar) Pressure (bar)
    2.89744e+05   -1.34997e+06    2.97647e+02   -1.90882e+02    1.01690e+01
   Constr. rmsd
    3.27995e-05

           Step           Time
         160000      320.00000

   Energies (kJ/mol)
          Angle    Proper Dih.  Improper Dih.          LJ-14     Coulomb-14
    9.09329e+02    1.16107e+03    9.35662e+01    4.90944e+02    6.20962e+03
        LJ (SR)  Disper. corr.   Coulomb (SR)   Coul. recip.      Potential
    2.49424e+05   -1.35965e+04   -1.89038e+06    6.39985e+03   -1.63929e+06
    Kinetic En.   Total Energy    Temperature Pres. DC (bar) Pressure (bar)
    2.92764e+05   -1.34653e+06    3.00749e+02   -1.90863e+02   -7.85490e+01
   Constr. rmsd
    2.73352e-05

Writing checkpoint, step 161160 at Wed Sep 27 14:24:37 2017


           Step           Time
         165000      330.00000

   Energies (kJ/mol)
          Angle    Proper Dih.  Improper Dih.          LJ-14     Coulomb-14
    1.00147e+03    1.19486e+03    9.18162e+01    4.78529e+02    6.10970e+03
        LJ (SR)  Disper. corr.   Coulomb (SR)   Coul. recip.      Potential
    2.50294e+05   -1.35995e+04   -1.89126e+06    6.37221e+03   -1.63932e+06
    Kinetic En.   Total Energy    Temperature Pres. DC (bar) Pressure (bar)
    2.90947e+05   -1.34837e+06    2.98883e+02   -1.90947e+02   -3.03996e+01
   Constr. rmsd
    2.73792e-05

           Step           Time
         170000      340.00000

   Energies (kJ/mol)
          Angle    Proper Dih.  Improper Dih.          LJ-14     Coulomb-14
    9.67800e+02    1.21022e+03    8.93989e+01    4.68152e+02    6.11478e+03
        LJ (SR)  Disper. corr.   Coulomb (SR)   Coul. recip.      Potential
    2.52083e+05   -1.35545e+04   -1.89242e+06    6.29830e+03   -1.63874e+06
    Kinetic En.   Total Energy    Temperature Pres. DC (bar) Pressure (bar)
    2.91255e+05   -1.34749e+06    2.99199e+02   -1.89687e+02    2.89319e+01
   Constr. rmsd
    2.68881e-05

           Step           Time
         175000      350.00000

   Energies (kJ/mol)
          Angle    Proper Dih.  Improper Dih.          LJ-14     Coulomb-14
    8.93935e+02    1.16889e+03    9.18975e+01    4.64778e+02    6.13808e+03
        LJ (SR)  Disper. corr.   Coulomb (SR)   Coul. recip.      Potential
    2.51207e+05   -1.36373e+04   -1.89307e+06    6.20559e+03   -1.64053e+06
    Kinetic En.   Total Energy    Temperature Pres. DC (bar) Pressure (bar)
    2.91522e+05   -1.34901e+06    2.99473e+02   -1.92008e+02    6.35436e+01
   Constr. rmsd
    2.92428e-05

           Step           Time
         180000      360.00000

   Energies (kJ/mol)
          Angle    Proper Dih.  Improper Dih.          LJ-14     Coulomb-14
    9.12202e+02    1.16058e+03    9.04240e+01    4.87707e+02    6.22339e+03
        LJ (SR)  Disper. corr.   Coulomb (SR)   Coul. recip.      Potential
    2.50558e+05   -1.35741e+04   -1.89135e+06    6.26745e+03   -1.63922e+06
    Kinetic En.   Total Energy    Temperature Pres. DC (bar) Pressure (bar)
    2.92016e+05   -1.34720e+06    2.99981e+02   -1.90235e+02   -2.27796e+01
   Constr. rmsd
    2.91301e-05

           Step           Time
         185000      370.00000

   Energies (kJ/mol)
          Angle    Proper Dih.  Improper Dih.          LJ-14     Coulomb-14
    9.03784e+02    1.15474e+03    9.97099e+01    4.71277e+02    6.05070e+03
        LJ (SR)  Disper. corr.   Coulomb (SR)   Coul. recip.      Potential
    2.50320e+05   -1.35655e+04   -1.88939e+06    6.24004e+03   -1.63772e+06
    Kinetic En.   Total Energy    Temperature Pres. DC (bar) Pressure (bar)
    2.91830e+05   -1.34589e+06    2.99789e+02   -1.89994e+02   -7.14523e+00
   Constr. rmsd
    2.69091e-05

           Step           Time
         190000      380.00000

   Energies (kJ/mol)
          Angle    Proper Dih.  Improper Dih.          LJ-14     Coulomb-14
    9.71572e+02    1.17947e+03    9.93198e+01    4.87881e+02    6.10865e+03
        LJ (SR)  Disper. corr.   Coulomb (SR)   Coul. recip.      Potential
    2.49545e+05   -1.35807e+04   -1.89189e+06    6.21820e+03   -1.64086e+06
    Kinetic En.   Total Energy    Temperature Pres. DC (bar) Pressure (bar)
    2.91950e+05   -1.34891e+06    2.99913e+02   -1.90421e+02   -9.05444e+01
   Constr. rmsd
    2.61430e-05

           Step           Time
         195000      390.00000

   Energies (kJ/mol)
          Angle    Proper Dih.  Improper Dih.          LJ-14     Coulomb-14
    9.22051e+02    1.21063e+03    8.63508e+01    4.71048e+02    6.17034e+03
        LJ (SR)  Disper. corr.   Coulomb (SR)   Coul. recip.      Potential
    2.52392e+05   -1.36005e+04   -1.89389e+06    6.23610e+03   -1.64000e+06
    Kinetic En.   Total Energy    Temperature Pres. DC (bar) Pressure (bar)
    2.92994e+05   -1.34700e+06    3.00985e+02   -1.90975e+02    7.93565e+01
   Constr. rmsd
    2.78646e-05

           Step           Time
         200000      400.00000

   Energies (kJ/mol)
          Angle    Proper Dih.  Improper Dih.          LJ-14     Coulomb-14
    1.00532e+03    1.18311e+03    1.13077e+02    4.66569e+02    6.12530e+03
        LJ (SR)  Disper. corr.   Coulomb (SR)   Coul. recip.      Potential
    2.52494e+05   -1.36143e+04   -1.89430e+06    6.31756e+03   -1.64021e+06
    Kinetic En.   Total Energy    Temperature Pres. DC (bar) Pressure (bar)
    2.94437e+05   -1.34577e+06    3.02468e+02   -1.91362e+02    1.01453e+02
   Constr. rmsd
    2.75868e-05

           Step           Time
         205000      410.00000

   Energies (kJ/mol)
          Angle    Proper Dih.  Improper Dih.          LJ-14     Coulomb-14
    8.86089e+02    1.14649e+03    8.00726e+01    4.66085e+02    6.18560e+03
        LJ (SR)  Disper. corr.   Coulomb (SR)   Coul. recip.      Potential
    2.50863e+05   -1.36105e+04   -1.89224e+06    6.28777e+03   -1.63993e+06
    Kinetic En.   Total Energy    Temperature Pres. DC (bar) Pressure (bar)
    2.91782e+05   -1.34815e+06    2.99741e+02   -1.91255e+02   -3.31886e+00
   Constr. rmsd
    2.61347e-05

           Step           Time
         210000      420.00000

   Energies (kJ/mol)
          Angle    Proper Dih.  Improper Dih.          LJ-14     Coulomb-14
    9.45164e+02    1.15219e+03    1.10803e+02    4.61439e+02    6.10535e+03
        LJ (SR)  Disper. corr.   Coulomb (SR)   Coul. recip.      Potential
    2.50902e+05   -1.35952e+04   -1.89272e+06    6.28483e+03   -1.64036e+06
    Kinetic En.   Total Energy    Temperature Pres. DC (bar) Pressure (bar)
    2.92930e+05   -1.34743e+06    3.00920e+02   -1.90826e+02   -1.17567e+01
   Constr. rmsd
    2.92695e-05

           Step           Time
         215000      430.00000

   Energies (kJ/mol)
          Angle    Proper Dih.  Improper Dih.          LJ-14     Coulomb-14
    8.89127e+02    1.16378e+03    9.27538e+01    4.75441e+02    6.12255e+03
        LJ (SR)  Disper. corr.   Coulomb (SR)   Coul. recip.      Potential
    2.52004e+05   -1.35674e+04   -1.89135e+06    6.29163e+03   -1.63788e+06
    Kinetic En.   Total Energy    Temperature Pres. DC (bar) Pressure (bar)
    2.92715e+05   -1.34516e+06    3.00699e+02   -1.90047e+02    6.80419e+01
   Constr. rmsd
    2.84940e-05

           Step           Time
         220000      440.00000

   Energies (kJ/mol)
          Angle    Proper Dih.  Improper Dih.          LJ-14     Coulomb-14
    9.29513e+02    1.17286e+03    8.23232e+01    4.51753e+02    6.03424e+03
        LJ (SR)  Disper. corr.   Coulomb (SR)   Coul. recip.      Potential
    2.53092e+05   -1.35893e+04   -1.89545e+06    6.31926e+03   -1.64095e+06
    Kinetic En.   Total Energy    Temperature Pres. DC (bar) Pressure (bar)
    2.92917e+05   -1.34804e+06    3.00906e+02   -1.90660e+02    7.26994e+01
   Constr. rmsd
    2.72996e-05

           Step           Time
         225000      450.00000

   Energies (kJ/mol)
          Angle    Proper Dih.  Improper Dih.          LJ-14     Coulomb-14
    8.48954e+02    1.11994e+03    8.47477e+01    4.69725e+02    6.17441e+03
        LJ (SR)  Disper. corr.   Coulomb (SR)   Coul. recip.      Potential
    2.49438e+05   -1.35999e+04   -1.89079e+06    6.20750e+03   -1.64004e+06
    Kinetic En.   Total Energy    Temperature Pres. DC (bar) Pressure (bar)
    2.93285e+05   -1.34676e+06    3.01285e+02   -1.90958e+02   -4.54416e+01
   Constr. rmsd
    3.22500e-05

           Step           Time
         230000      460.00000

   Energies (kJ/mol)
          Angle    Proper Dih.  Improper Dih.          LJ-14     Coulomb-14
    9.73791e+02    1.14364e+03    9.80123e+01    4.62091e+02    6.15068e+03
        LJ (SR)  Disper. corr.   Coulomb (SR)   Coul. recip.      Potential
    2.50887e+05   -1.36015e+04   -1.89293e+06    6.16942e+03   -1.64065e+06
    Kinetic En.   Total Energy    Temperature Pres. DC (bar) Pressure (bar)
    2.92199e+05   -1.34845e+06    3.00169e+02   -1.91002e+02   -4.03844e+00
   Constr. rmsd
    2.81829e-05

           Step           Time
         235000      470.00000

   Energies (kJ/mol)
          Angle    Proper Dih.  Improper Dih.          LJ-14     Coulomb-14
    9.06597e+02    1.15239e+03    8.75359e+01    4.60050e+02    6.06749e+03
        LJ (SR)  Disper. corr.   Coulomb (SR)   Coul. recip.      Potential
    2.51378e+05   -1.35560e+04   -1.89134e+06    6.18777e+03   -1.63866e+06
    Kinetic En.   Total Energy    Temperature Pres. DC (bar) Pressure (bar)
    2.91052e+05   -1.34761e+06    2.98990e+02   -1.89728e+02   -1.49097e+01
   Constr. rmsd
    3.02994e-05

Writing checkpoint, step 239720 at Wed Sep 27 14:39:37 2017


           Step           Time
         240000      480.00000

   Energies (kJ/mol)
          Angle    Proper Dih.  Improper Dih.          LJ-14     Coulomb-14
    9.07793e+02    1.20965e+03    8.55240e+01    4.73566e+02    6.10835e+03
        LJ (SR)  Disper. corr.   Coulomb (SR)   Coul. recip.      Potential
    2.49945e+05   -1.35798e+04   -1.88956e+06    6.22979e+03   -1.63818e+06
    Kinetic En.   Total Energy    Temperature Pres. DC (bar) Pressure (bar)
    2.90773e+05   -1.34741e+06    2.98704e+02   -1.90395e+02   -4.48024e+01
   Constr. rmsd
    2.70897e-05

           Step           Time
         245000      490.00000

   Energies (kJ/mol)
          Angle    Proper Dih.  Improper Dih.          LJ-14     Coulomb-14
    9.24267e+02    1.17098e+03    8.32692e+01    4.82762e+02    6.19834e+03
        LJ (SR)  Disper. corr.   Coulomb (SR)   Coul. recip.      Potential
    2.50575e+05   -1.35846e+04   -1.89218e+06    6.27841e+03   -1.64006e+06
    Kinetic En.   Total Energy    Temperature Pres. DC (bar) Pressure (bar)
    2.91899e+05   -1.34816e+06    2.99861e+02   -1.90528e+02   -3.32782e+01
   Constr. rmsd
    2.70221e-05

           Step           Time
         250000      500.00000

   Energies (kJ/mol)
          Angle    Proper Dih.  Improper Dih.          LJ-14     Coulomb-14
    9.92313e+02    1.21276e+03    1.04103e+02    4.94129e+02    6.15815e+03
        LJ (SR)  Disper. corr.   Coulomb (SR)   Coul. recip.      Potential
    2.50158e+05   -1.35949e+04   -1.89078e+06    6.31308e+03   -1.63894e+06
    Kinetic En.   Total Energy    Temperature Pres. DC (bar) Pressure (bar)
    2.92293e+05   -1.34665e+06    3.00265e+02   -1.90819e+02   -3.23066e+01
   Constr. rmsd
    3.00967e-05

           Step           Time
         255000      510.00000

   Energies (kJ/mol)
          Angle    Proper Dih.  Improper Dih.          LJ-14     Coulomb-14
    9.24027e+02    1.15703e+03    9.24012e+01    4.60782e+02    6.13703e+03
        LJ (SR)  Disper. corr.   Coulomb (SR)   Coul. recip.      Potential
    2.51064e+05   -1.35727e+04   -1.89293e+06    6.30824e+03   -1.64036e+06
    Kinetic En.   Total Energy    Temperature Pres. DC (bar) Pressure (bar)
    2.91109e+05   -1.34925e+06    2.99049e+02   -1.90196e+02   -4.58237e+01
   Constr. rmsd
    2.85756e-05

           Step           Time
         260000      520.00000

   Energies (kJ/mol)
          Angle    Proper Dih.  Improper Dih.          LJ-14     Coulomb-14
    1.04585e+03    1.11329e+03    9.27776e+01    4.77660e+02    6.09351e+03
        LJ (SR)  Disper. corr.   Coulomb (SR)   Coul. recip.      Potential
    2.51942e+05   -1.35599e+04   -1.89494e+06    6.29622e+03   -1.64144e+06
    Kinetic En.   Total Energy    Temperature Pres. DC (bar) Pressure (bar)
    2.93072e+05   -1.34837e+06    3.01066e+02   -1.89839e+02   -8.61446e+00
   Constr. rmsd
    3.18349e-05

           Step           Time
         265000      530.00000

   Energies (kJ/mol)
          Angle    Proper Dih.  Improper Dih.          LJ-14     Coulomb-14
    1.02605e+03    1.18745e+03    7.97949e+01    4.55994e+02    6.17106e+03
        LJ (SR)  Disper. corr.   Coulomb (SR)   Coul. recip.      Potential
    2.50100e+05   -1.35752e+04   -1.89233e+06    6.26023e+03   -1.64062e+06
    Kinetic En.   Total Energy    Temperature Pres. DC (bar) Pressure (bar)
    2.92188e+05   -1.34843e+06    3.00157e+02   -1.90266e+02   -8.83756e+01
   Constr. rmsd
    3.41703e-05

           Step           Time
         270000      540.00000

   Energies (kJ/mol)
          Angle    Proper Dih.  Improper Dih.          LJ-14     Coulomb-14
    9.17153e+02    1.15614e+03    8.76136e+01    4.55615e+02    6.16238e+03
        LJ (SR)  Disper. corr.   Coulomb (SR)   Coul. recip.      Potential
    2.52260e+05   -1.35970e+04   -1.89369e+06    6.14063e+03   -1.64011e+06
    Kinetic En.   Total Energy    Temperature Pres. DC (bar) Pressure (bar)
    2.91070e+05   -1.34904e+06    2.99009e+02   -1.90876e+02    5.72865e+01
   Constr. rmsd
    2.91296e-05

           Step           Time
         275000      550.00000

   Energies (kJ/mol)
          Angle    Proper Dih.  Improper Dih.          LJ-14     Coulomb-14
    9.73104e+02    1.22167e+03    8.34863e+01    4.58040e+02    6.14015e+03
        LJ (SR)  Disper. corr.   Coulomb (SR)   Coul. recip.      Potential
    2.52861e+05   -1.36078e+04   -1.89443e+06    6.28036e+03   -1.64001e+06
    Kinetic En.   Total Energy    Temperature Pres. DC (bar) Pressure (bar)
    2.92459e+05   -1.34756e+06    3.00435e+02   -1.91179e+02    8.81707e+01
   Constr. rmsd
    3.20472e-05

           Step           Time
         280000      560.00000

   Energies (kJ/mol)
          Angle    Proper Dih.  Improper Dih.          LJ-14     Coulomb-14
    9.32820e+02    1.20125e+03    7.56261e+01    4.75447e+02    6.21760e+03
        LJ (SR)  Disper. corr.   Coulomb (SR)   Coul. recip.      Potential
    2.49145e+05   -1.35854e+04   -1.88923e+06    6.24080e+03   -1.63853e+06
    Kinetic En.   Total Energy    Temperature Pres. DC (bar) Pressure (bar)
    2.92948e+05   -1.34558e+06    3.00938e+02   -1.90552e+02   -7.62977e+01
   Constr. rmsd
    3.37652e-05

           Step           Time
         285000      570.00000

   Energies (kJ/mol)
          Angle    Proper Dih.  Improper Dih.          LJ-14     Coulomb-14
    9.73600e+02    1.10438e+03    9.20837e+01    4.72668e+02    6.14216e+03
        LJ (SR)  Disper. corr.   Coulomb (SR)   Coul. recip.      Potential
    2.51858e+05   -1.36156e+04   -1.89211e+06    6.46740e+03   -1.63862e+06
    Kinetic En.   Total Energy    Temperature Pres. DC (bar) Pressure (bar)
    2.92418e+05   -1.34620e+06    3.00394e+02   -1.91399e+02    9.97876e+01
   Constr. rmsd
    3.35220e-05

           Step           Time
         290000      580.00000

   Energies (kJ/mol)
          Angle    Proper Dih.  Improper Dih.          LJ-14     Coulomb-14
    9.71929e+02    1.20868e+03    1.00640e+02    4.85318e+02    6.19528e+03
        LJ (SR)  Disper. corr.   Coulomb (SR)   Coul. recip.      Potential
    2.49098e+05   -1.35794e+04   -1.88724e+06    6.36997e+03   -1.63639e+06
    Kinetic En.   Total Energy    Temperature Pres. DC (bar) Pressure (bar)
    2.92295e+05   -1.34410e+06    3.00268e+02   -1.90385e+02   -2.87100e+01
   Constr. rmsd
    2.91419e-05

           Step           Time
         295000      590.00000

   Energies (kJ/mol)
          Angle    Proper Dih.  Improper Dih.          LJ-14     Coulomb-14
    8.69128e+02    1.14856e+03    9.00677e+01    5.04296e+02    6.16582e+03
        LJ (SR)  Disper. corr.   Coulomb (SR)   Coul. recip.      Potential
    2.49941e+05   -1.35764e+04   -1.89184e+06    6.20059e+03   -1.64049e+06
    Kinetic En.   Total Energy    Temperature Pres. DC (bar) Pressure (bar)
    2.92615e+05   -1.34788e+06    3.00596e+02   -1.90300e+02   -5.57531e+01
   Constr. rmsd
    2.52506e-05

           Step           Time
         300000      600.00000

   Energies (kJ/mol)
          Angle    Proper Dih.  Improper Dih.          LJ-14     Coulomb-14
    9.20875e+02    1.12697e+03    7.01706e+01    4.98485e+02    6.13143e+03
        LJ (SR)  Disper. corr.   Coulomb (SR)   Coul. recip.      Potential
    2.50252e+05   -1.35601e+04   -1.89149e+06    6.18897e+03   -1.63986e+06
    Kinetic En.   Total Energy    Temperature Pres. DC (bar) Pressure (bar)
    2.92878e+05   -1.34699e+06    3.00866e+02   -1.89843e+02   -5.41317e+01
   Constr. rmsd
    2.96622e-05

           Step           Time
         305000      610.00000

   Energies (kJ/mol)
          Angle    Proper Dih.  Improper Dih.          LJ-14     Coulomb-14
    8.92573e+02    1.18133e+03    8.85474e+01    4.94659e+02    6.18066e+03
        LJ (SR)  Disper. corr.   Coulomb (SR)   Coul. recip.      Potential
    2.49436e+05   -1.35633e+04   -1.88940e+06    6.36833e+03   -1.63832e+06
    Kinetic En.   Total Energy    Temperature Pres. DC (bar) Pressure (bar)
    2.91741e+05   -1.34658e+06    2.99699e+02   -1.89932e+02   -7.55439e+01
   Constr. rmsd
    3.42400e-05

           Step           Time
         310000      620.00000

   Energies (kJ/mol)
          Angle    Proper Dih.  Improper Dih.          LJ-14     Coulomb-14
    8.79122e+02    1.20531e+03    9.62308e+01    4.82376e+02    6.23291e+03
        LJ (SR)  Disper. corr.   Coulomb (SR)   Coul. recip.      Potential
    2.52110e+05   -1.36033e+04   -1.89344e+06    6.34146e+03   -1.63970e+06
    Kinetic En.   Total Energy    Temperature Pres. DC (bar) Pressure (bar)
    2.91251e+05   -1.34845e+06    2.99195e+02   -1.91055e+02    5.72668e+01
   Constr. rmsd
    2.79189e-05

           Step           Time
         315000      630.00000

   Energies (kJ/mol)
          Angle    Proper Dih.  Improper Dih.          LJ-14     Coulomb-14
    9.13143e+02    1.20946e+03    7.03807e+01    4.72805e+02    6.18052e+03
        LJ (SR)  Disper. corr.   Coulomb (SR)   Coul. recip.      Potential
    2.48967e+05   -1.35831e+04   -1.88926e+06    6.30254e+03   -1.63873e+06
    Kinetic En.   Total Energy    Temperature Pres. DC (bar) Pressure (bar)
    2.90460e+05   -1.34827e+06    2.98383e+02   -1.90487e+02   -8.51131e+01
   Constr. rmsd
    2.54088e-05

Writing checkpoint, step 318760 at Wed Sep 27 14:54:37 2017


           Step           Time
         320000      640.00000

   Energies (kJ/mol)
          Angle    Proper Dih.  Improper Dih.          LJ-14     Coulomb-14
    8.24593e+02    1.19084e+03    9.47515e+01    4.87878e+02    6.23274e+03
        LJ (SR)  Disper. corr.   Coulomb (SR)   Coul. recip.      Potential
    2.51508e+05   -1.35701e+04   -1.89386e+06    6.30841e+03   -1.64079e+06
    Kinetic En.   Total Energy    Temperature Pres. DC (bar) Pressure (bar)
    2.92647e+05   -1.34814e+06    3.00629e+02   -1.90124e+02   -1.61787e+01
   Constr. rmsd
    2.43278e-05

           Step           Time
         325000      650.00000

   Energies (kJ/mol)
          Angle    Proper Dih.  Improper Dih.          LJ-14     Coulomb-14
    8.94730e+02    1.17660e+03    8.76370e+01    4.98654e+02    6.15243e+03
        LJ (SR)  Disper. corr.   Coulomb (SR)   Coul. recip.      Potential
    2.51060e+05   -1.36064e+04   -1.89307e+06    6.30851e+03   -1.64050e+06
    Kinetic En.   Total Energy    Temperature Pres. DC (bar) Pressure (bar)
    2.93146e+05   -1.34735e+06    3.01142e+02   -1.91140e+02    1.32253e+01
   Constr. rmsd
    2.71433e-05

           Step           Time
         330000      660.00000

   Energies (kJ/mol)
          Angle    Proper Dih.  Improper Dih.          LJ-14     Coulomb-14
    1.03110e+03    1.24310e+03    8.93084e+01    4.49753e+02    6.22012e+03
        LJ (SR)  Disper. corr.   Coulomb (SR)   Coul. recip.      Potential
    2.50456e+05   -1.35582e+04   -1.89092e+06    6.36379e+03   -1.63862e+06
    Kinetic En.   Total Energy    Temperature Pres. DC (bar) Pressure (bar)
    2.92941e+05   -1.34568e+06    3.00931e+02   -1.89790e+02   -6.29626e+01
   Constr. rmsd
    3.52894e-05

           Step           Time
         335000      670.00000

   Energies (kJ/mol)
          Angle    Proper Dih.  Improper Dih.          LJ-14     Coulomb-14
    8.75874e+02    1.20583e+03    8.15979e+01    4.90802e+02    6.12990e+03
        LJ (SR)  Disper. corr.   Coulomb (SR)   Coul. recip.      Potential
    2.49067e+05   -1.35886e+04   -1.89160e+06    6.38821e+03   -1.64095e+06
    Kinetic En.   Total Energy    Temperature Pres. DC (bar) Pressure (bar)
    2.91612e+05   -1.34934e+06    2.99566e+02   -1.90642e+02   -1.03480e+02
   Constr. rmsd
    2.46478e-05

           Step           Time
         340000      680.00000

   Energies (kJ/mol)
          Angle    Proper Dih.  Improper Dih.          LJ-14     Coulomb-14
    8.97763e+02    1.24639e+03    9.58434e+01    4.74932e+02    6.12900e+03
        LJ (SR)  Disper. corr.   Coulomb (SR)   Coul. recip.      Potential
    2.51362e+05   -1.35921e+04   -1.89330e+06    6.25218e+03   -1.64043e+06
    Kinetic En.   Total Energy    Temperature Pres. DC (bar) Pressure (bar)
    2.92639e+05   -1.34779e+06    3.00621e+02   -1.90740e+02    2.83183e+01
   Constr. rmsd
    2.40609e-05

           Step           Time
         345000      690.00000

   Energies (kJ/mol)
          Angle    Proper Dih.  Improper Dih.          LJ-14     Coulomb-14
    8.62521e+02    1.16355e+03    9.81227e+01    4.71994e+02    6.13538e+03
        LJ (SR)  Disper. corr.   Coulomb (SR)   Coul. recip.      Potential
    2.52847e+05   -1.35966e+04   -1.89357e+06    6.28290e+03   -1.63930e+06
    Kinetic En.   Total Energy    Temperature Pres. DC (bar) Pressure (bar)
    2.92057e+05   -1.34724e+06    3.00023e+02   -1.90865e+02    8.53880e+01
   Constr. rmsd
    2.94374e-05

           Step           Time
         350000      700.00000

   Energies (kJ/mol)
          Angle    Proper Dih.  Improper Dih.          LJ-14     Coulomb-14
    9.02668e+02    1.14945e+03    8.94855e+01    4.79689e+02    6.17427e+03
        LJ (SR)  Disper. corr.   Coulomb (SR)   Coul. recip.      Potential
    2.52210e+05   -1.36142e+04   -1.89424e+06    6.19148e+03   -1.64066e+06
    Kinetic En.   Total Energy    Temperature Pres. DC (bar) Pressure (bar)
    2.92590e+05   -1.34807e+06    3.00571e+02   -1.91360e+02    8.77300e+01
   Constr. rmsd
    2.85643e-05

           Step           Time
         355000      710.00000

   Energies (kJ/mol)
          Angle    Proper Dih.  Improper Dih.          LJ-14     Coulomb-14
    9.74455e+02    1.15877e+03    8.32349e+01    4.84024e+02    6.16961e+03
        LJ (SR)  Disper. corr.   Coulomb (SR)   Coul. recip.      Potential
    2.52197e+05   -1.35928e+04   -1.89614e+06    6.11858e+03   -1.64254e+06
    Kinetic En.   Total Energy    Temperature Pres. DC (bar) Pressure (bar)
    2.91805e+05   -1.35074e+06    2.99764e+02   -1.90759e+02   -8.23624e-01
   Constr. rmsd
    3.20206e-05

           Step           Time
         360000      720.00000

   Energies (kJ/mol)
          Angle    Proper Dih.  Improper Dih.          LJ-14     Coulomb-14
    9.44811e+02    1.20357e+03    1.08084e+02    4.91572e+02    6.28084e+03
        LJ (SR)  Disper. corr.   Coulomb (SR)   Coul. recip.      Potential
    2.51135e+05   -1.36007e+04   -1.89101e+06    6.33740e+03   -1.63811e+06
    Kinetic En.   Total Energy    Temperature Pres. DC (bar) Pressure (bar)
    2.91948e+05   -1.34616e+06    2.99911e+02   -1.90980e+02    6.37671e+01
   Constr. rmsd
    2.60842e-05

           Step           Time
         365000      730.00000

   Energies (kJ/mol)
          Angle    Proper Dih.  Improper Dih.          LJ-14     Coulomb-14
    9.52588e+02    1.17184e+03    9.25494e+01    4.98131e+02    6.21339e+03
        LJ (SR)  Disper. corr.   Coulomb (SR)   Coul. recip.      Potential
    2.52189e+05   -1.35603e+04   -1.89064e+06    6.20448e+03   -1.63688e+06
    Kinetic En.   Total Energy    Temperature Pres. DC (bar) Pressure (bar)
    2.92174e+05   -1.34470e+06    3.00143e+02   -1.89849e+02    8.92050e+01
   Constr. rmsd
    2.20098e-05

           Step           Time
         370000      740.00000

   Energies (kJ/mol)
          Angle    Proper Dih.  Improper Dih.          LJ-14     Coulomb-14
    9.35515e+02    1.15677e+03    8.85390e+01    4.66118e+02    6.18740e+03
        LJ (SR)  Disper. corr.   Coulomb (SR)   Coul. recip.      Potential
    2.51882e+05   -1.36153e+04   -1.89380e+06    6.30249e+03   -1.64040e+06
    Kinetic En.   Total Energy    Temperature Pres. DC (bar) Pressure (bar)
    2.92841e+05   -1.34756e+06    3.00828e+02   -1.91390e+02    2.27683e+01
   Constr. rmsd
    3.48519e-05

           Step           Time
         375000      750.00000

   Energies (kJ/mol)
          Angle    Proper Dih.  Improper Dih.          LJ-14     Coulomb-14
    9.21754e+02    1.14127e+03    7.29859e+01    4.41938e+02    6.17799e+03
        LJ (SR)  Disper. corr.   Coulomb (SR)   Coul. recip.      Potential
    2.51012e+05   -1.35665e+04   -1.89334e+06    6.32898e+03   -1.64081e+06
    Kinetic En.   Total Energy    Temperature Pres. DC (bar) Pressure (bar)
    2.92544e+05   -1.34826e+06    3.00523e+02   -1.90024e+02   -5.57468e+01
   Constr. rmsd
    3.11855e-05

Writing checkpoint, step 378040 at Wed Sep 27 15:09:37 2017


           Step           Time
         380000      760.00000

   Energies (kJ/mol)
          Angle    Proper Dih.  Improper Dih.          LJ-14     Coulomb-14
    9.76906e+02    1.21985e+03    8.27755e+01    4.70921e+02    6.19539e+03
        LJ (SR)  Disper. corr.   Coulomb (SR)   Coul. recip.      Potential
    2.50997e+05   -1.36085e+04   -1.89322e+06    6.23527e+03   -1.64066e+06
    Kinetic En.   Total Energy    Temperature Pres. DC (bar) Pressure (bar)
    2.93421e+05   -1.34723e+06    3.01424e+02   -1.91200e+02    1.57396e+01
   Constr. rmsd
    2.71882e-05

           Step           Time
         385000      770.00000

   Energies (kJ/mol)
          Angle    Proper Dih.  Improper Dih.          LJ-14     Coulomb-14
    9.00006e+02    1.16899e+03    8.25132e+01    4.91414e+02    6.23982e+03
        LJ (SR)  Disper. corr.   Coulomb (SR)   Coul. recip.      Potential
    2.52547e+05   -1.35669e+04   -1.89463e+06    6.41407e+03   -1.64036e+06
    Kinetic En.   Total Energy    Temperature Pres. DC (bar) Pressure (bar)
    2.91667e+05   -1.34869e+06    2.99622e+02   -1.90033e+02    2.25360e+01
   Constr. rmsd
    2.72498e-05

           Step           Time
         390000      780.00000

   Energies (kJ/mol)
          Angle    Proper Dih.  Improper Dih.          LJ-14     Coulomb-14
    8.81696e+02    1.19418e+03    1.03670e+02    4.69865e+02    6.20528e+03
        LJ (SR)  Disper. corr.   Coulomb (SR)   Coul. recip.      Potential
    2.52507e+05   -1.35808e+04   -1.89582e+06    6.28694e+03   -1.64175e+06
    Kinetic En.   Total Energy    Temperature Pres. DC (bar) Pressure (bar)
    2.93056e+05   -1.34869e+06    3.01049e+02   -1.90422e+02    1.11183e+01
   Constr. rmsd
    3.23166e-05

Writing checkpoint, step 391960 at Wed Sep 27 15:24:37 2017


           Step           Time
         395000      790.00000

   Energies (kJ/mol)
          Angle    Proper Dih.  Improper Dih.          LJ-14     Coulomb-14
    8.62781e+02    1.17370e+03    7.35550e+01    4.70566e+02    6.16149e+03
        LJ (SR)  Disper. corr.   Coulomb (SR)   Coul. recip.      Potential
    2.52108e+05   -1.35753e+04   -1.89538e+06    6.21928e+03   -1.64189e+06
    Kinetic En.   Total Energy    Temperature Pres. DC (bar) Pressure (bar)
    2.90232e+05   -1.35166e+06    2.98148e+02   -1.90269e+02   -1.55682e+01
   Constr. rmsd
    2.39502e-05

           Step           Time
         400000      800.00000

   Energies (kJ/mol)
          Angle    Proper Dih.  Improper Dih.          LJ-14     Coulomb-14
    9.49448e+02    1.19675e+03    8.75125e+01    4.82399e+02    6.13713e+03
        LJ (SR)  Disper. corr.   Coulomb (SR)   Coul. recip.      Potential
    2.51443e+05   -1.35836e+04   -1.88924e+06    6.28303e+03   -1.63625e+06
    Kinetic En.   Total Energy    Temperature Pres. DC (bar) Pressure (bar)
    2.91160e+05   -1.34509e+06    2.99102e+02   -1.90502e+02    7.80817e+01
   Constr. rmsd
    2.75047e-05

           Step           Time
         405000      810.00000

   Energies (kJ/mol)
          Angle    Proper Dih.  Improper Dih.          LJ-14     Coulomb-14
    9.57263e+02    1.21802e+03    7.37946e+01    4.85728e+02    6.13851e+03
        LJ (SR)  Disper. corr.   Coulomb (SR)   Coul. recip.      Potential
    2.50552e+05   -1.35821e+04   -1.89044e+06    6.24718e+03   -1.63835e+06
    Kinetic En.   Total Energy    Temperature Pres. DC (bar) Pressure (bar)
    2.93134e+05   -1.34522e+06    3.01130e+02   -1.90459e+02   -5.12090e+00
   Constr. rmsd
    2.72158e-05

           Step           Time
         410000      820.00000

   Energies (kJ/mol)
          Angle    Proper Dih.  Improper Dih.          LJ-14     Coulomb-14
    9.02920e+02    1.14288e+03    8.15641e+01    5.11504e+02    6.17434e+03
        LJ (SR)  Disper. corr.   Coulomb (SR)   Coul. recip.      Potential
    2.51229e+05   -1.36365e+04   -1.89292e+06    6.27501e+03   -1.64024e+06
    Kinetic En.   Total Energy    Temperature Pres. DC (bar) Pressure (bar)
    2.90523e+05   -1.34972e+06    2.98447e+02   -1.91985e+02    4.93012e+01
   Constr. rmsd
    2.44884e-05

           Step           Time
         415000      830.00000

   Energies (kJ/mol)
          Angle    Proper Dih.  Improper Dih.          LJ-14     Coulomb-14
    8.50533e+02    1.18557e+03    9.20440e+01    4.82694e+02    6.21993e+03
        LJ (SR)  Disper. corr.   Coulomb (SR)   Coul. recip.      Potential
    2.52486e+05   -1.35862e+04   -1.89411e+06    6.23258e+03   -1.64015e+06
    Kinetic En.   Total Energy    Temperature Pres. DC (bar) Pressure (bar)
    2.92977e+05   -1.34717e+06    3.00968e+02   -1.90575e+02    7.99044e+01
   Constr. rmsd
    2.83559e-05

           Step           Time
         420000      840.00000

   Energies (kJ/mol)
          Angle    Proper Dih.  Improper Dih.          LJ-14     Coulomb-14
    8.49456e+02    1.18123e+03    1.07878e+02    4.64724e+02    6.16883e+03
        LJ (SR)  Disper. corr.   Coulomb (SR)   Coul. recip.      Potential
    2.53195e+05   -1.35773e+04   -1.89430e+06    6.24445e+03   -1.63967e+06
    Kinetic En.   Total Energy    Temperature Pres. DC (bar) Pressure (bar)
    2.92366e+05   -1.34730e+06    3.00340e+02   -1.90326e+02    8.38034e+01
   Constr. rmsd
    3.01650e-05

           Step           Time
         425000      850.00000

   Energies (kJ/mol)
          Angle    Proper Dih.  Improper Dih.          LJ-14     Coulomb-14
    8.76814e+02    1.21863e+03    1.03134e+02    4.81293e+02    6.21109e+03
        LJ (SR)  Disper. corr.   Coulomb (SR)   Coul. recip.      Potential
    2.51805e+05   -1.35975e+04   -1.89356e+06    6.22890e+03   -1.64023e+06
    Kinetic En.   Total Energy    Temperature Pres. DC (bar) Pressure (bar)
    2.92812e+05   -1.34742e+06    3.00799e+02   -1.90890e+02    2.58236e+01
   Constr. rmsd
    2.79486e-05

           Step           Time
         430000      860.00000

   Energies (kJ/mol)
          Angle    Proper Dih.  Improper Dih.          LJ-14     Coulomb-14
    9.17453e+02    1.16460e+03    9.49280e+01    4.88577e+02    6.25031e+03
        LJ (SR)  Disper. corr.   Coulomb (SR)   Coul. recip.      Potential
    2.50376e+05   -1.35992e+04   -1.89238e+06    6.31887e+03   -1.64036e+06
    Kinetic En.   Total Energy    Temperature Pres. DC (bar) Pressure (bar)
    2.92141e+05   -1.34822e+06    3.00109e+02   -1.90938e+02   -2.20846e+01
   Constr. rmsd
    2.41975e-05

           Step           Time
         435000      870.00000

   Energies (kJ/mol)
          Angle    Proper Dih.  Improper Dih.          LJ-14     Coulomb-14
    1.00901e+03    1.20731e+03    7.88389e+01    4.85639e+02    6.23819e+03
        LJ (SR)  Disper. corr.   Coulomb (SR)   Coul. recip.      Potential
    2.49720e+05   -1.35783e+04   -1.88792e+06    6.33344e+03   -1.63643e+06
    Kinetic En.   Total Energy    Temperature Pres. DC (bar) Pressure (bar)
    2.91609e+05   -1.34482e+06    2.99563e+02   -1.90352e+02   -1.17702e+01
   Constr. rmsd
    2.57977e-05

           Step           Time
         440000      880.00000

   Energies (kJ/mol)
          Angle    Proper Dih.  Improper Dih.          LJ-14     Coulomb-14
    9.24296e+02    1.18671e+03    8.39602e+01    4.84543e+02    6.15893e+03
        LJ (SR)  Disper. corr.   Coulomb (SR)   Coul. recip.      Potential
    2.50105e+05   -1.36199e+04   -1.89386e+06    6.08086e+03   -1.64246e+06
    Kinetic En.   Total Energy    Temperature Pres. DC (bar) Pressure (bar)
    2.92828e+05   -1.34963e+06    3.00815e+02   -1.91519e+02   -5.96408e+01
   Constr. rmsd
    2.49083e-05

           Step           Time
         445000      890.00000

   Energies (kJ/mol)
          Angle    Proper Dih.  Improper Dih.          LJ-14     Coulomb-14
    9.07357e+02    1.15642e+03    9.97916e+01    4.99425e+02    6.31279e+03
        LJ (SR)  Disper. corr.   Coulomb (SR)   Coul. recip.      Potential
    2.48903e+05   -1.35732e+04   -1.88975e+06    6.36661e+03   -1.63908e+06
    Kinetic En.   Total Energy    Temperature Pres. DC (bar) Pressure (bar)
    2.92925e+05   -1.34615e+06    3.00914e+02   -1.90210e+02   -7.84772e+01
   Constr. rmsd
    2.52441e-05

           Step           Time
         450000      900.00000

   Energies (kJ/mol)
          Angle    Proper Dih.  Improper Dih.          LJ-14     Coulomb-14
    9.10510e+02    1.14775e+03    1.03634e+02    4.79032e+02    6.17404e+03
        LJ (SR)  Disper. corr.   Coulomb (SR)   Coul. recip.      Potential
    2.52533e+05   -1.35888e+04   -1.89200e+06    6.29658e+03   -1.63794e+06
    Kinetic En.   Total Energy    Temperature Pres. DC (bar) Pressure (bar)
    2.92189e+05   -1.34575e+06    3.00158e+02   -1.90647e+02    1.02985e+02
   Constr. rmsd
    2.59235e-05

           Step           Time
         455000      910.00000

   Energies (kJ/mol)
          Angle    Proper Dih.  Improper Dih.          LJ-14     Coulomb-14
    8.85666e+02    1.18671e+03    9.39817e+01    4.95851e+02    6.19174e+03
        LJ (SR)  Disper. corr.   Coulomb (SR)   Coul. recip.      Potential
    2.50982e+05   -1.35958e+04   -1.89364e+06    6.25344e+03   -1.64115e+06
    Kinetic En.   Total Energy    Temperature Pres. DC (bar) Pressure (bar)
    2.90908e+05   -1.35024e+06    2.98843e+02   -1.90843e+02   -3.22576e+01
   Constr. rmsd
    2.75019e-05

           Step           Time
         460000      920.00000

   Energies (kJ/mol)
          Angle    Proper Dih.  Improper Dih.          LJ-14     Coulomb-14
    8.48327e+02    1.16873e+03    7.94393e+01    4.81028e+02    6.22394e+03
        LJ (SR)  Disper. corr.   Coulomb (SR)   Coul. recip.      Potential
    2.53998e+05   -1.35983e+04   -1.89879e+06    6.19309e+03   -1.64339e+06
    Kinetic En.   Total Energy    Temperature Pres. DC (bar) Pressure (bar)
    2.92074e+05   -1.35132e+06    3.00041e+02   -1.90914e+02    8.29206e+01
   Constr. rmsd
    2.99039e-05

           Step           Time
         465000      930.00000

   Energies (kJ/mol)
          Angle    Proper Dih.  Improper Dih.          LJ-14     Coulomb-14
    8.64373e+02    1.19670e+03    8.17730e+01    4.67335e+02    6.18965e+03
        LJ (SR)  Disper. corr.   Coulomb (SR)   Coul. recip.      Potential
    2.49593e+05   -1.35789e+04   -1.88924e+06    6.36989e+03   -1.63806e+06
    Kinetic En.   Total Energy    Temperature Pres. DC (bar) Pressure (bar)
    2.92148e+05   -1.34591e+06    3.00116e+02   -1.90370e+02   -6.06733e+01
   Constr. rmsd
    2.97843e-05

           Step           Time
         470000      940.00000

   Energies (kJ/mol)
          Angle    Proper Dih.  Improper Dih.          LJ-14     Coulomb-14
    8.66577e+02    1.18295e+03    7.61810e+01    4.60930e+02    6.22363e+03
        LJ (SR)  Disper. corr.   Coulomb (SR)   Coul. recip.      Potential
    2.51832e+05   -1.35937e+04   -1.89336e+06    6.17108e+03   -1.64014e+06
    Kinetic En.   Total Energy    Temperature Pres. DC (bar) Pressure (bar)
    2.91944e+05   -1.34819e+06    2.99907e+02   -1.90783e+02    1.61657e+01
   Constr. rmsd
    2.94978e-05

Writing checkpoint, step 471080 at Wed Sep 27 15:39:37 2017


           Step           Time
         475000      950.00000

   Energies (kJ/mol)
          Angle    Proper Dih.  Improper Dih.          LJ-14     Coulomb-14
    8.94109e+02    1.20401e+03    9.69713e+01    4.99668e+02    6.20962e+03
        LJ (SR)  Disper. corr.   Coulomb (SR)   Coul. recip.      Potential
    2.51478e+05   -1.35762e+04   -1.89142e+06    6.31349e+03   -1.63830e+06
    Kinetic En.   Total Energy    Temperature Pres. DC (bar) Pressure (bar)
    2.93562e+05   -1.34474e+06    3.01569e+02   -1.90293e+02    3.17898e+01
   Constr. rmsd
    2.59849e-05

           Step           Time
         480000      960.00000

   Energies (kJ/mol)
          Angle    Proper Dih.  Improper Dih.          LJ-14     Coulomb-14
    8.70319e+02    1.15672e+03    7.11631e+01    4.85327e+02    6.17811e+03
        LJ (SR)  Disper. corr.   Coulomb (SR)   Coul. recip.      Potential
    2.50619e+05   -1.35747e+04   -1.89181e+06    6.36935e+03   -1.63963e+06
    Kinetic En.   Total Energy    Temperature Pres. DC (bar) Pressure (bar)
    2.91162e+05   -1.34847e+06    2.99103e+02   -1.90253e+02   -2.98111e+01
   Constr. rmsd
    2.56219e-05

           Step           Time
         485000      970.00000

   Energies (kJ/mol)
          Angle    Proper Dih.  Improper Dih.          LJ-14     Coulomb-14
    9.74213e+02    1.17261e+03    8.81734e+01    4.82967e+02    6.13107e+03
        LJ (SR)  Disper. corr.   Coulomb (SR)   Coul. recip.      Potential
    2.53824e+05   -1.35780e+04   -1.89374e+06    6.34156e+03   -1.63830e+06
    Kinetic En.   Total Energy    Temperature Pres. DC (bar) Pressure (bar)
    2.93236e+05   -1.34507e+06    3.01234e+02   -1.90344e+02    1.55629e+02
   Constr. rmsd
    2.65639e-05

           Step           Time
         490000      980.00000

   Energies (kJ/mol)
          Angle    Proper Dih.  Improper Dih.          LJ-14     Coulomb-14
    1.02053e+03    1.18875e+03    9.35676e+01    4.59382e+02    6.07009e+03
        LJ (SR)  Disper. corr.   Coulomb (SR)   Coul. recip.      Potential
    2.49591e+05   -1.35867e+04   -1.88793e+06    6.30608e+03   -1.63679e+06
    Kinetic En.   Total Energy    Temperature Pres. DC (bar) Pressure (bar)
    2.92672e+05   -1.34411e+06    3.00655e+02   -1.90587e+02   -1.47254e+01
   Constr. rmsd
    2.87743e-05

           Step           Time
         495000      990.00000

   Energies (kJ/mol)
          Angle    Proper Dih.  Improper Dih.          LJ-14     Coulomb-14
    8.30085e+02    1.18116e+03    8.99405e+01    4.81339e+02    6.16535e+03
        LJ (SR)  Disper. corr.   Coulomb (SR)   Coul. recip.      Potential
    2.51923e+05   -1.36014e+04   -1.89660e+06    6.35098e+03   -1.64318e+06
    Kinetic En.   Total Energy    Temperature Pres. DC (bar) Pressure (bar)
    2.91790e+05   -1.35139e+06    2.99749e+02   -1.91000e+02   -1.70779e+01
   Constr. rmsd
    2.91596e-05

           Step           Time
         500000     1000.00000

Writing checkpoint, step 500000 at Wed Sep 27 15:45:01 2017


   Energies (kJ/mol)
          Angle    Proper Dih.  Improper Dih.          LJ-14     Coulomb-14
    9.63294e+02    1.18479e+03    7.76786e+01    4.61351e+02    6.16918e+03
        LJ (SR)  Disper. corr.   Coulomb (SR)   Coul. recip.      Potential
    2.52028e+05   -1.35748e+04   -1.89190e+06    6.30130e+03   -1.63829e+06
    Kinetic En.   Total Energy    Temperature Pres. DC (bar) Pressure (bar)
    2.93764e+05   -1.34452e+06    3.01776e+02   -1.90255e+02    3.96504e+01
   Constr. rmsd
    3.42337e-05

	<======  ###############  ==>
	<====  A V E R A G E S  ====>
	<==  ###############  ======>

	Statistics over 500001 steps using 5001 frames

   Energies (kJ/mol)
          Angle    Proper Dih.  Improper Dih.          LJ-14     Coulomb-14
    9.18123e+02    1.17189e+03    8.90480e+01    4.73944e+02    6.14097e+03
        LJ (SR)  Disper. corr.   Coulomb (SR)   Coul. recip.      Potential
    2.50997e+05   -1.35866e+04   -1.89202e+06    6.27804e+03   -1.63953e+06
    Kinetic En.   Total Energy    Temperature Pres. DC (bar) Pressure (bar)
    2.92057e+05   -1.34748e+06    3.00023e+02   -1.90585e+02   -1.75405e-01
   Constr. rmsd
    0.00000e+00

          Box-X          Box-Y          Box-Z
    1.18788e+01    1.18788e+01    8.39954e+00

   Total Virial (kJ/mol)
    9.74121e+04    3.16296e+01    3.52282e+01
    3.20221e+01    9.74325e+04    1.04210e+01
    3.46741e+01    1.06120e+01    9.72354e+04

   Pressure (bar)
   -1.47689e+00   -9.15090e-01   -1.00646e+00
   -9.26139e-01   -2.74484e+00   -3.91877e-01
   -9.90940e-01   -3.97230e-01    3.69551e+00

      T-Protein  T-non-Protein
    3.00474e+02    3.00021e+02


       P P   -   P M E   L O A D   B A L A N C I N G

 PP/PME load balancing changed the cut-off and PME settings:
           particle-particle                    PME
            rcoulomb  rlist            grid      spacing   1/beta
   initial  1.000 nm  1.095 nm      80  80  80   0.149 nm  0.320 nm
   final    1.161 nm  1.256 nm      64  64  64   0.186 nm  0.372 nm
 cost-ratio           1.51             0.51
 (note that these numbers concern only part of the total PP and PME load)


	M E G A - F L O P S   A C C O U N T I N G

 NB=Group-cutoff nonbonded kernels    NxN=N-by-N cluster Verlet kernels
 RF=Reaction-Field  VdW=Van der Waals  QSTab=quadratic-spline table
 W3=SPC/TIP3p  W4=TIP4p (single or pairs)
 V&F=Potential and force  V=Potential only  F=Force only

 Computing:                               M-Number         M-Flops  % Flops
-----------------------------------------------------------------------------
 Pair Search distance check          204117.484544     1837057.361     0.0
 NxN Ewald Elec. + LJ [F]          65415530.654528  4317425023.199    96.5
 NxN Ewald Elec. + LJ [V&F]          660776.343232    70703068.726     1.6
 1,4 nonbonded interactions             598.001196       53820.108     0.0
 Calc Weights                        175459.850919     6316554.633     0.1
 Spread Q Bspline                   3743143.486272     7486286.973     0.2
 Gather F Bspline                   3743143.486272    22458860.918     0.5
 3D-FFT                             4717107.519264    37736860.154     0.8
 Solve PME                             2047.444736      131036.463     0.0
 Shift-X                               1462.279473        8773.677     0.0
 Angles                                 413.000826       69384.139     0.0
 Propers                                622.501245      142552.785     0.0
 Impropers                               60.500121       12584.025     0.0
 Virial                                5851.017018      105318.306     0.0
 Stop-CM                                584.981973        5849.820     0.0
 Calc-Ekin                            11697.533946      315833.417     0.0
 Lincs                                  228.500457       13710.027     0.0
 Lincs-Mat                             4956.009912       19824.040     0.0
 Constraint-V                         58607.617215      468860.938     0.0
 Constraint-Vir                        5838.016758      140112.402     0.0
 Settle                               19383.538767     6260883.022     0.1
-----------------------------------------------------------------------------
 Total                                              4471712255.131   100.0
-----------------------------------------------------------------------------


     R E A L   C Y C L E   A N D   T I M E   A C C O U N T I N G

On 1 MPI rank, each using 8 OpenMP threads

 Computing:          Num   Num      Call    Wall time         Giga-Cycles
                     Ranks Threads  Count      (s)         total sum    %
-----------------------------------------------------------------------------
 Neighbor search        1    8      12501     305.754       4871.211   3.3
 Launch GPU ops.        1    8     500001     168.125       2678.527   1.8
 Force                  1    8     500001     139.248       2218.475   1.5
 PME mesh               1    8     500001    5906.696      94104.221  63.3
 Wait GPU local         1    8     500001     571.078       9098.299   6.1
 NB X/F buffer ops.     1    8     987501     319.941       5097.228   3.4
 Write traj.            1    8        111      11.467        182.686   0.1
 Update                 1    8     500001    1097.629      17487.195  11.8
 Constraints            1    8     500001     318.716       5077.715   3.4
 Rest                                         486.346       7748.361   5.2
-----------------------------------------------------------------------------
 Total                                       9325.000     148563.918 100.0
-----------------------------------------------------------------------------
 Breakdown of PME mesh computation
-----------------------------------------------------------------------------
 PME spread/gather      1    8    1000002    4891.147      77924.721  52.5
 PME 3D-FFT             1    8    1000002     820.487      13071.827   8.8
 PME solve Elec         1    8     500001     191.452       3050.173   2.1
-----------------------------------------------------------------------------

 GPU timings
-----------------------------------------------------------------------------
 Computing:                         Count  Wall t (s)      ms/step       %
-----------------------------------------------------------------------------
 Pair list H2D                      12501      12.029        0.962     0.3
 X / q H2D                         500001     126.427        0.253     3.5
 Nonbonded F kernel                485000    3304.325        6.813    90.4
 Nonbonded F+ene k.                  2500      24.878        9.951     0.7
 Nonbonded F+prune k.               10000      86.120        8.612     2.4
 Nonbonded F+ene+prune k.            2501      30.023       12.005     0.8
 F D2H                             500001      71.720        0.143     2.0
-----------------------------------------------------------------------------
 Total                                       3655.522        7.311   100.0
-----------------------------------------------------------------------------

Average per-step force GPU/CPU evaluation time ratio: 7.311 ms/12.092 ms = 0.605
For optimal performance this ratio should be close to 1!


NOTE: The GPU has >25% less load than the CPU. This imbalance causes
      performance loss.

               Core t (s)   Wall t (s)        (%)
       Time:    74600.000     9325.000      800.0
                         2h35:25
                 (ns/day)    (hour/ns)
Performance:        9.265        2.590
Finished mdrun on rank 0 Wed Sep 27 15:45:02 2017
