Log file opened on Wed Sep 27 11:43:06 2017
Host: LAPTOP-RS9GADGE  pid: 2448  rank ID: 0  number of ranks:  1
                      :-) GROMACS - gmx mdrun, 2016.3 (-:

                            GROMACS is written by:
     Emile Apol      Rossen Apostolov  Herman J.C. Berendsen    Par Bjelkmar   
 Aldert van Buuren   Rudi van Drunen     Anton Feenstra    Gerrit Groenhof  
 Christoph Junghans   Anca Hamuraru    Vincent Hindriksen Dimitrios Karkoulis
    Peter Kasson        Jiri Kraus      Carsten Kutzner      Per Larsson    
  Justin A. Lemkul   Magnus Lundborg   Pieter Meulenhoff    Erik Marklund   
   Teemu Murtola       Szilard Pall       Sander Pronk      Roland Schulz   
  Alexey Shvetsov     Michael Shirts     Alfons Sijbers     Peter Tieleman  
  Teemu Virolainen  Christian Wennberg    Maarten Wolf   
                           and the project leaders:
        Mark Abraham, Berk Hess, Erik Lindahl, and David van der Spoel

Copyright (c) 1991-2000, University of Groningen, The Netherlands.
Copyright (c) 2001-2017, The GROMACS development team at
Uppsala University, Stockholm University and
the Royal Institute of Technology, Sweden.
check out http://www.gromacs.org for more information.

GROMACS is free software; you can redistribute it and/or modify it
under the terms of the GNU Lesser General Public License
as published by the Free Software Foundation; either version 2.1
of the License, or (at your option) any later version.

GROMACS:      gmx mdrun, version 2016.3
Executable:   C:\D\GromacsCuda\build\bin\Release\gmx.exe
Data prefix:  C:\D\GromacsCuda (source tree)
Working dir:  C:\Users\Moselhy\Bash\md
Command line:
  gmx mdrun -deffnm nvt

GROMACS version:    2016.3
Precision:          single
Memory model:       64 bit
MPI library:        thread_mpi
OpenMP support:     enabled (GMX_OPENMP_MAX_THREADS = 32)
GPU support:        CUDA
SIMD instructions:  AVX2_256
FFT library:        Intel MKL
RDTSCP usage:       enabled
TNG support:        enabled
Hwloc support:      disabled
Tracing support:    disabled
Built on:           Unknown date
Built by:           Anonymous@unknown [CMAKE]
Build OS/arch:      Windows-10.0.15063 AMD64
Build CPU vendor:   Intel
Build CPU brand:    Intel(R) Core(TM) i7-7700HQ CPU @ 2.80GHz
Build CPU family:   6   Model: 158   Stepping: 9
Build CPU features: aes apic avx avx2 clfsh cmov cx8 cx16 f16c fma htt lahf mmx msr nonstop_tsc pcid pclmuldq pdcm pdpe1gb popcnt pse rdrnd rdtscp sse2 sse3 sse4.1 sse4.2 ssse3 tdt x2apic
C compiler:         C:/Program Files (x86)/Microsoft Visual Studio 14.0/VC/bin/x86_amd64/cl.exe MSVC 19.0.24215.1
C compiler flags:    /arch:AVX   /DWIN32 /D_WINDOWS /W3  /MD /O2 /Ob2 /DNDEBUG  
C++ compiler:       C:/Program Files (x86)/Microsoft Visual Studio 14.0/VC/bin/x86_amd64/cl.exe MSVC 19.0.24215.1
C++ compiler flags:  /arch:AVX   /DWIN32 /D_WINDOWS /W3 /GR /EHsc   /wd4800 /wd4355 /wd4996 /wd4305 /wd4244 /wd4101 /wd4267 /wd4090  /MD /O2 /Ob2 /DNDEBUG  
CUDA compiler:      C:/Program Files/NVIDIA GPU Computing Toolkit/CUDA/v8.0/bin/nvcc.exe nvcc: NVIDIA (R) Cuda compiler driver;Copyright (c) 2005-2016 NVIDIA Corporation;Built on Mon_Jan__9_17:32:33_CST_2017;Cuda compilation tools, release 8.0, V8.0.60
CUDA compiler flags:-gencode;arch=compute_20,code=sm_20;-gencode;arch=compute_30,code=sm_30;-gencode;arch=compute_35,code=sm_35;-gencode;arch=compute_37,code=sm_37;-gencode;arch=compute_50,code=sm_50;-gencode;arch=compute_52,code=sm_52;-gencode;arch=compute_60,code=sm_60;-gencode;arch=compute_61,code=sm_61;-gencode;arch=compute_60,code=compute_60;-gencode;arch=compute_61,code=compute_61;-use_fast_math;;;-Xcompiler;,/arch:AVX,,,/DWIN32,/D_WINDOWS,/W3,/GR,/EHsc,,,/wd4800,/wd4355,/wd4996,/wd4305,/wd4244,/wd4101,/wd4267,/wd4090,;-Xcompiler;/MD,/O2,/Ob2,/DNDEBUG,,; 
CUDA driver:        9.0
CUDA runtime:       8.0


Running on 1 node with total 4 cores, 8 logical cores, 1 compatible GPU
Hardware detected:
  CPU info:
    Vendor: Intel
    Brand:  Intel(R) Core(TM) i7-7700HQ CPU @ 2.80GHz
    Family: 6   Model: 158   Stepping: 9
    Features: aes apic avx avx2 clfsh cmov cx8 cx16 f16c fma htt lahf mmx msr nonstop_tsc pcid pclmuldq pdcm pdpe1gb popcnt pse rdrnd rdtscp sse2 sse3 sse4.1 sse4.2 ssse3 tdt x2apic
    SIMD instructions most likely to fit this hardware: AVX2_256
    SIMD instructions selected at GROMACS compile time: AVX2_256

  Hardware topology: Basic
    Sockets, cores, and logical processors:
      Socket  0: [   0   1] [   2   3] [   4   5] [   6   7]
  GPU info:
    Number of GPUs detected: 1
    #0: NVIDIA GeForce GTX 1050 Ti, compute cap.: 6.1, ECC:  no, stat: compatible


++++ PLEASE READ AND CITE THE FOLLOWING REFERENCE ++++
M. J. Abraham, T. Murtola, R. Schulz, S. Páll, J. C. Smith, B. Hess, E.
Lindahl
GROMACS: High performance molecular simulations through multi-level
parallelism from laptops to supercomputers
SoftwareX 1 (2015) pp. 19-25
-------- -------- --- Thank You --- -------- --------


++++ PLEASE READ AND CITE THE FOLLOWING REFERENCE ++++
S. Páll, M. J. Abraham, C. Kutzner, B. Hess, E. Lindahl
Tackling Exascale Software Challenges in Molecular Dynamics Simulations with
GROMACS
In S. Markidis & E. Laure (Eds.), Solving Software Challenges for Exascale 8759 (2015) pp. 3-27
-------- -------- --- Thank You --- -------- --------


++++ PLEASE READ AND CITE THE FOLLOWING REFERENCE ++++
S. Pronk, S. Páll, R. Schulz, P. Larsson, P. Bjelkmar, R. Apostolov, M. R.
Shirts, J. C. Smith, P. M. Kasson, D. van der Spoel, B. Hess, and E. Lindahl
GROMACS 4.5: a high-throughput and highly parallel open source molecular
simulation toolkit
Bioinformatics 29 (2013) pp. 845-54
-------- -------- --- Thank You --- -------- --------


++++ PLEASE READ AND CITE THE FOLLOWING REFERENCE ++++
B. Hess and C. Kutzner and D. van der Spoel and E. Lindahl
GROMACS 4: Algorithms for highly efficient, load-balanced, and scalable
molecular simulation
J. Chem. Theory Comput. 4 (2008) pp. 435-447
-------- -------- --- Thank You --- -------- --------


++++ PLEASE READ AND CITE THE FOLLOWING REFERENCE ++++
D. van der Spoel, E. Lindahl, B. Hess, G. Groenhof, A. E. Mark and H. J. C.
Berendsen
GROMACS: Fast, Flexible and Free
J. Comp. Chem. 26 (2005) pp. 1701-1719
-------- -------- --- Thank You --- -------- --------


++++ PLEASE READ AND CITE THE FOLLOWING REFERENCE ++++
E. Lindahl and B. Hess and D. van der Spoel
GROMACS 3.0: A package for molecular simulation and trajectory analysis
J. Mol. Mod. 7 (2001) pp. 306-317
-------- -------- --- Thank You --- -------- --------


++++ PLEASE READ AND CITE THE FOLLOWING REFERENCE ++++
H. J. C. Berendsen, D. van der Spoel and R. van Drunen
GROMACS: A message-passing parallel molecular dynamics implementation
Comp. Phys. Comm. 91 (1995) pp. 43-56
-------- -------- --- Thank You --- -------- --------


For optimal performance with a GPU nstlist (now 10) should be larger.
The optimum depends on your CPU and GPU resources.
You might want to try several nstlist values.
Changing nstlist from 10 to 40, rlist from 1 to 1.097

Input Parameters:
   integrator                     = md
   tinit                          = 0
   dt                             = 0.002
   nsteps                         = 50000
   init-step                      = 0
   simulation-part                = 1
   comm-mode                      = Linear
   nstcomm                        = 100
   bd-fric                        = 0
   ld-seed                        = -1723655762
   emtol                          = 10
   emstep                         = 0.01
   niter                          = 20
   fcstep                         = 0
   nstcgsteep                     = 1000
   nbfgscorr                      = 10
   rtpi                           = 0.05
   nstxout                        = 500
   nstvout                        = 500
   nstfout                        = 0
   nstlog                         = 500
   nstcalcenergy                  = 100
   nstenergy                      = 500
   nstxout-compressed             = 0
   compressed-x-precision         = 1000
   cutoff-scheme                  = Verlet
   nstlist                        = 40
   ns-type                        = Grid
   pbc                            = xyz
   periodic-molecules             = false
   verlet-buffer-tolerance        = 0.005
   rlist                          = 1.097
   coulombtype                    = PME
   coulomb-modifier               = Potential-shift
   rcoulomb-switch                = 0
   rcoulomb                       = 1
   epsilon-r                      = 1
   epsilon-rf                     = inf
   vdw-type                       = Cut-off
   vdw-modifier                   = Potential-shift
   rvdw-switch                    = 0
   rvdw                           = 1
   DispCorr                       = EnerPres
   table-extension                = 1
   fourierspacing                 = 0.16
   fourier-nx                     = 80
   fourier-ny                     = 80
   fourier-nz                     = 80
   pme-order                      = 4
   ewald-rtol                     = 1e-05
   ewald-rtol-lj                  = 0.001
   lj-pme-comb-rule               = Geometric
   ewald-geometry                 = 0
   epsilon-surface                = 0
   implicit-solvent               = No
   gb-algorithm                   = Still
   nstgbradii                     = 1
   rgbradii                       = 1
   gb-epsilon-solvent             = 80
   gb-saltconc                    = 0
   gb-obc-alpha                   = 1
   gb-obc-beta                    = 0.8
   gb-obc-gamma                   = 4.85
   gb-dielectric-offset           = 0.009
   sa-algorithm                   = Ace-approximation
   sa-surface-tension             = 2.05016
   tcoupl                         = V-rescale
   nsttcouple                     = 10
   nh-chain-length                = 0
   print-nose-hoover-chain-variables = false
   pcoupl                         = No
   pcoupltype                     = Isotropic
   nstpcouple                     = -1
   tau-p                          = 1
   compressibility (3x3):
      compressibility[    0]={ 0.00000e+00,  0.00000e+00,  0.00000e+00}
      compressibility[    1]={ 0.00000e+00,  0.00000e+00,  0.00000e+00}
      compressibility[    2]={ 0.00000e+00,  0.00000e+00,  0.00000e+00}
   ref-p (3x3):
      ref-p[    0]={ 0.00000e+00,  0.00000e+00,  0.00000e+00}
      ref-p[    1]={ 0.00000e+00,  0.00000e+00,  0.00000e+00}
      ref-p[    2]={ 0.00000e+00,  0.00000e+00,  0.00000e+00}
   refcoord-scaling               = No
   posres-com (3):
      posres-com[0]= 0.00000e+00
      posres-com[1]= 0.00000e+00
      posres-com[2]= 0.00000e+00
   posres-comB (3):
      posres-comB[0]= 0.00000e+00
      posres-comB[1]= 0.00000e+00
      posres-comB[2]= 0.00000e+00
   QMMM                           = false
   QMconstraints                  = 0
   QMMMscheme                     = 0
   MMChargeScaleFactor            = 1
qm-opts:
   ngQM                           = 0
   constraint-algorithm           = Lincs
   continuation                   = false
   Shake-SOR                      = false
   shake-tol                      = 0.0001
   lincs-order                    = 4
   lincs-iter                     = 1
   lincs-warnangle                = 30
   nwall                          = 0
   wall-type                      = 9-3
   wall-r-linpot                  = -1
   wall-atomtype[0]               = -1
   wall-atomtype[1]               = -1
   wall-density[0]                = 0
   wall-density[1]                = 0
   wall-ewald-zfac                = 3
   pull                           = false
   rotation                       = false
   interactiveMD                  = false
   disre                          = No
   disre-weighting                = Conservative
   disre-mixed                    = false
   dr-fc                          = 1000
   dr-tau                         = 0
   nstdisreout                    = 100
   orire-fc                       = 0
   orire-tau                      = 0
   nstorireout                    = 100
   free-energy                    = no
   cos-acceleration               = 0
   deform (3x3):
      deform[    0]={ 0.00000e+00,  0.00000e+00,  0.00000e+00}
      deform[    1]={ 0.00000e+00,  0.00000e+00,  0.00000e+00}
      deform[    2]={ 0.00000e+00,  0.00000e+00,  0.00000e+00}
   simulated-tempering            = false
   E-x:
      n = 0
   E-xt:
      n = 0
   E-y:
      n = 0
   E-yt:
      n = 0
   E-z:
      n = 0
   E-zt:
      n = 0
   swapcoords                     = no
   userint1                       = 0
   userint2                       = 0
   userint3                       = 0
   userint4                       = 0
   userreal1                      = 0
   userreal2                      = 0
   userreal3                      = 0
   userreal4                      = 0
grpopts:
   nrdf:     898.988      233259
   ref-t:         310         310
   tau-t:         0.1         0.1
annealing:          No          No
annealing-npoints:           0           0
   acc:	           0           0           0
   nfreeze:           N           N           N
   energygrp-flags[  0]: 0

Using 1 MPI thread
Using 8 OpenMP threads 

1 compatible GPU is present, with ID 0
1 GPU auto-selected for this run.
Mapping of GPU ID to the 1 PP rank in this node: 0

Will do PME sum in reciprocal space for electrostatic interactions.

++++ PLEASE READ AND CITE THE FOLLOWING REFERENCE ++++
U. Essmann, L. Perera, M. L. Berkowitz, T. Darden, H. Lee and L. G. Pedersen 
A smooth particle mesh Ewald method
J. Chem. Phys. 103 (1995) pp. 8577-8592
-------- -------- --- Thank You --- -------- --------

Will do ordinary reciprocal space Ewald sum.
Using a Gaussian width (1/beta) of 0.320163 nm for Ewald
Cut-off's:   NS: 1.097   Coulomb: 1   LJ: 1
Long Range LJ corr.: <C6> 2.8130e-04
System total charge: 0.000
Generated table with 1048 data points for Ewald.
Tabscale = 500 points/nm
Generated table with 1048 data points for LJ6.
Tabscale = 500 points/nm
Generated table with 1048 data points for LJ12.
Tabscale = 500 points/nm
Generated table with 1048 data points for 1-4 COUL.
Tabscale = 500 points/nm
Generated table with 1048 data points for 1-4 LJ6.
Tabscale = 500 points/nm
Generated table with 1048 data points for 1-4 LJ12.
Tabscale = 500 points/nm
Potential shift: LJ r^-12: -1.000e+00 r^-6: -1.000e+00, Ewald -1.000e-05
Initialized non-bonded Ewald correction tables, spacing: 9.33e-04 size: 1073


Using GPU 8x8 non-bonded kernels

Using Lorentz-Berthelot Lennard-Jones combination rule

Removing pbc first time
Pinning threads with an auto-selected logical core stride of 1

Initializing LINear Constraint Solver

++++ PLEASE READ AND CITE THE FOLLOWING REFERENCE ++++
B. Hess and H. Bekker and H. J. C. Berendsen and J. G. E. M. Fraaije
LINCS: A Linear Constraint Solver for molecular simulations
J. Comp. Chem. 18 (1997) pp. 1463-1472
-------- -------- --- Thank You --- -------- --------

The number of constraints is 457

++++ PLEASE READ AND CITE THE FOLLOWING REFERENCE ++++
S. Miyamoto and P. A. Kollman
SETTLE: An Analytical Version of the SHAKE and RATTLE Algorithms for Rigid
Water Models
J. Comp. Chem. 13 (1992) pp. 952-962
-------- -------- --- Thank You --- -------- --------

Intra-simulation communication will occur every 10 steps.
Center of mass motion removal mode is Linear
We have the following groups for center of mass motion removal:
  0:  rest

++++ PLEASE READ AND CITE THE FOLLOWING REFERENCE ++++
G. Bussi, D. Donadio and M. Parrinello
Canonical sampling through velocity rescaling
J. Chem. Phys. 126 (2007) pp. 014101
-------- -------- --- Thank You --- -------- --------

There are: 116973 Atoms

Constraining the starting coordinates (step 0)

Constraining the coordinates at t0-dt (step 0)
RMS relative constraint deviation after constraining: 4.44e-05
Initial temperature: 310.774 K

Started mdrun on rank 0 Wed Sep 27 11:43:07 2017
           Step           Time
              0        0.00000

   Energies (kJ/mol)
          Angle    Proper Dih.  Improper Dih.          LJ-14     Coulomb-14
    5.39592e+02    1.04278e+03    3.96701e+01    3.69836e+02    5.90085e+03
        LJ (SR)  Disper. corr.   Coulomb (SR)   Coul. recip. Position Rest.
    2.92467e+05   -1.34387e+04   -2.25389e+06    8.69060e+03    3.51572e-01
      Potential    Kinetic En.   Total Energy  Conserved En.    Temperature
   -1.95828e+06    3.02534e+05   -1.65575e+06   -1.65575e+06    3.10786e+02
 Pres. DC (bar) Pressure (bar)   Constr. rmsd
   -1.86463e+02   -4.71344e+03    9.57023e-05

step   80: timed with pme grid 80 80 80, coulomb cutoff 1.000: 1061.9 M-cycles
step  160: timed with pme grid 64 64 64, coulomb cutoff 1.164: 1001.2 M-cycles
step  240: timed with pme grid 56 56 56, coulomb cutoff 1.331: 1283.4 M-cycles
step  320: timed with pme grid 60 60 60, coulomb cutoff 1.242: 1123.7 M-cycles
step  400: timed with pme grid 64 64 64, coulomb cutoff 1.164: 1000.7 M-cycles
step  480: timed with pme grid 72 72 72, coulomb cutoff 1.035: 918.0 M-cycles
              optimal pme grid 72 72 72, coulomb cutoff 1.035
           Step           Time
            500        1.00000

   Energies (kJ/mol)
          Angle    Proper Dih.  Improper Dih.          LJ-14     Coulomb-14
    9.96598e+02    1.16381e+03    8.87593e+01    4.64748e+02    5.93345e+03
        LJ (SR)  Disper. corr.   Coulomb (SR)   Coul. recip. Position Rest.
    2.52493e+05   -1.34387e+04   -1.88757e+06    9.58171e+03    1.74012e+02
      Potential    Kinetic En.   Total Energy  Conserved En.    Temperature
   -1.63011e+06    2.97476e+05   -1.33263e+06   -1.65370e+06    3.05589e+02
 Pres. DC (bar) Pressure (bar)   Constr. rmsd
   -1.86463e+02    6.23377e+01    4.09719e-05

           Step           Time
           1000        2.00000

   Energies (kJ/mol)
          Angle    Proper Dih.  Improper Dih.          LJ-14     Coulomb-14
    9.71606e+02    1.21362e+03    8.59767e+01    4.52602e+02    5.98268e+03
        LJ (SR)  Disper. corr.   Coulomb (SR)   Coul. recip. Position Rest.
    2.46768e+05   -1.34387e+04   -1.87085e+06    9.71469e+03    1.54241e+02
      Potential    Kinetic En.   Total Energy  Conserved En.    Temperature
   -1.61894e+06    3.01657e+05   -1.31728e+06   -1.65372e+06    3.09885e+02
 Pres. DC (bar) Pressure (bar)   Constr. rmsd
   -1.86463e+02   -1.25678e+01    3.69055e-05

           Step           Time
           1500        3.00000

   Energies (kJ/mol)
          Angle    Proper Dih.  Improper Dih.          LJ-14     Coulomb-14
    9.69157e+02    1.21945e+03    8.97608e+01    4.98067e+02    5.95716e+03
        LJ (SR)  Disper. corr.   Coulomb (SR)   Coul. recip. Position Rest.
    2.44420e+05   -1.34387e+04   -1.86819e+06    9.76749e+03    1.74776e+02
      Potential    Kinetic En.   Total Energy  Conserved En.    Temperature
   -1.61854e+06    3.00609e+05   -1.31793e+06   -1.65374e+06    3.08809e+02
 Pres. DC (bar) Pressure (bar)   Constr. rmsd
   -1.86463e+02    3.03139e+01    2.94687e-05

           Step           Time
           2000        4.00000

   Energies (kJ/mol)
          Angle    Proper Dih.  Improper Dih.          LJ-14     Coulomb-14
    9.51320e+02    1.20590e+03    7.48683e+01    4.77215e+02    6.02517e+03
        LJ (SR)  Disper. corr.   Coulomb (SR)   Coul. recip. Position Rest.
    2.44810e+05   -1.34387e+04   -1.86880e+06    9.79164e+03    1.62063e+02
      Potential    Kinetic En.   Total Energy  Conserved En.    Temperature
   -1.61874e+06    3.00799e+05   -1.31794e+06   -1.65375e+06    3.09003e+02
 Pres. DC (bar) Pressure (bar)   Constr. rmsd
   -1.86463e+02   -3.82368e+01    3.24817e-05

           Step           Time
           2500        5.00000

   Energies (kJ/mol)
          Angle    Proper Dih.  Improper Dih.          LJ-14     Coulomb-14
    9.15292e+02    1.15184e+03    6.87354e+01    4.78853e+02    5.96662e+03
        LJ (SR)  Disper. corr.   Coulomb (SR)   Coul. recip. Position Rest.
    2.43095e+05   -1.34387e+04   -1.86640e+06    9.79239e+03    1.69270e+02
      Potential    Kinetic En.   Total Energy  Conserved En.    Temperature
   -1.61820e+06    3.00373e+05   -1.31783e+06   -1.65375e+06    3.08566e+02
 Pres. DC (bar) Pressure (bar)   Constr. rmsd
   -1.86463e+02   -8.95328e+01    4.12146e-05

           Step           Time
           3000        6.00000

   Energies (kJ/mol)
          Angle    Proper Dih.  Improper Dih.          LJ-14     Coulomb-14
    1.01820e+03    1.14478e+03    7.51888e+01    4.93783e+02    5.97988e+03
        LJ (SR)  Disper. corr.   Coulomb (SR)   Coul. recip. Position Rest.
    2.43035e+05   -1.34387e+04   -1.86403e+06    9.66075e+03    1.61645e+02
      Potential    Kinetic En.   Total Energy  Conserved En.    Temperature
   -1.61590e+06    3.02522e+05   -1.31338e+06   -1.65380e+06    3.10773e+02
 Pres. DC (bar) Pressure (bar)   Constr. rmsd
   -1.86463e+02   -3.96823e+01    3.50011e-05

           Step           Time
           3500        7.00000

   Energies (kJ/mol)
          Angle    Proper Dih.  Improper Dih.          LJ-14     Coulomb-14
    9.48877e+02    1.19506e+03    9.31537e+01    4.63985e+02    6.04428e+03
        LJ (SR)  Disper. corr.   Coulomb (SR)   Coul. recip. Position Rest.
    2.43311e+05   -1.34387e+04   -1.86729e+06    9.97465e+03    1.69925e+02
      Potential    Kinetic En.   Total Energy  Conserved En.    Temperature
   -1.61852e+06    3.02808e+05   -1.31572e+06   -1.65379e+06    3.11067e+02
 Pres. DC (bar) Pressure (bar)   Constr. rmsd
   -1.86463e+02   -7.35502e+01    3.37605e-05

           Step           Time
           4000        8.00000

   Energies (kJ/mol)
          Angle    Proper Dih.  Improper Dih.          LJ-14     Coulomb-14
    9.65061e+02    1.15661e+03    7.82426e+01    4.84061e+02    6.06093e+03
        LJ (SR)  Disper. corr.   Coulomb (SR)   Coul. recip. Position Rest.
    2.42493e+05   -1.34387e+04   -1.86569e+06    9.73925e+03    1.83969e+02
      Potential    Kinetic En.   Total Energy  Conserved En.    Temperature
   -1.61797e+06    3.02886e+05   -1.31508e+06   -1.65383e+06    3.11148e+02
 Pres. DC (bar) Pressure (bar)   Constr. rmsd
   -1.86463e+02   -7.88839e+01    3.49924e-05

           Step           Time
           4500        9.00000

   Energies (kJ/mol)
          Angle    Proper Dih.  Improper Dih.          LJ-14     Coulomb-14
    1.01611e+03    1.14620e+03    8.12492e+01    4.68085e+02    6.01355e+03
        LJ (SR)  Disper. corr.   Coulomb (SR)   Coul. recip. Position Rest.
    2.45975e+05   -1.34387e+04   -1.87096e+06    9.83553e+03    1.49217e+02
      Potential    Kinetic En.   Total Energy  Conserved En.    Temperature
   -1.61972e+06    3.03005e+05   -1.31671e+06   -1.65384e+06    3.11270e+02
 Pres. DC (bar) Pressure (bar)   Constr. rmsd
   -1.86463e+02   -3.68663e+01    3.91181e-05

           Step           Time
           5000       10.00000

   Energies (kJ/mol)
          Angle    Proper Dih.  Improper Dih.          LJ-14     Coulomb-14
    1.01004e+03    1.18938e+03    1.02742e+02    4.63600e+02    5.93630e+03
        LJ (SR)  Disper. corr.   Coulomb (SR)   Coul. recip. Position Rest.
    2.44168e+05   -1.34387e+04   -1.86596e+06    9.72313e+03    1.49941e+02
      Potential    Kinetic En.   Total Energy  Conserved En.    Temperature
   -1.61666e+06    3.01752e+05   -1.31491e+06   -1.65384e+06    3.09982e+02
 Pres. DC (bar) Pressure (bar)   Constr. rmsd
   -1.86463e+02   -5.31508e+01    4.05168e-05

           Step           Time
           5500       11.00000

   Energies (kJ/mol)
          Angle    Proper Dih.  Improper Dih.          LJ-14     Coulomb-14
    9.76244e+02    1.16135e+03    8.84831e+01    4.88324e+02    5.98476e+03
        LJ (SR)  Disper. corr.   Coulomb (SR)   Coul. recip. Position Rest.
    2.43632e+05   -1.34387e+04   -1.86644e+06    9.78433e+03    1.98879e+02
      Potential    Kinetic En.   Total Energy  Conserved En.    Temperature
   -1.61756e+06    3.01911e+05   -1.31565e+06   -1.65386e+06    3.10146e+02
 Pres. DC (bar) Pressure (bar)   Constr. rmsd
   -1.86463e+02   -8.02084e+01    3.08664e-05

           Step           Time
           6000       12.00000

   Energies (kJ/mol)
          Angle    Proper Dih.  Improper Dih.          LJ-14     Coulomb-14
    1.00811e+03    1.19286e+03    8.10684e+01    4.65707e+02    6.01798e+03
        LJ (SR)  Disper. corr.   Coulomb (SR)   Coul. recip. Position Rest.
    2.45666e+05   -1.34387e+04   -1.87022e+06    9.76780e+03    1.68305e+02
      Potential    Kinetic En.   Total Energy  Conserved En.    Temperature
   -1.61929e+06    3.02480e+05   -1.31681e+06   -1.65388e+06    3.10730e+02
 Pres. DC (bar) Pressure (bar)   Constr. rmsd
   -1.86463e+02   -9.26905e+01    3.29976e-05

           Step           Time
           6500       13.00000

   Energies (kJ/mol)
          Angle    Proper Dih.  Improper Dih.          LJ-14     Coulomb-14
    9.32588e+02    1.16872e+03    1.16813e+02    4.82055e+02    6.02423e+03
        LJ (SR)  Disper. corr.   Coulomb (SR)   Coul. recip. Position Rest.
    2.43397e+05   -1.34387e+04   -1.86693e+06    9.86425e+03    1.80774e+02
      Potential    Kinetic En.   Total Energy  Conserved En.    Temperature
   -1.61821e+06    3.01362e+05   -1.31684e+06   -1.65389e+06    3.09581e+02
 Pres. DC (bar) Pressure (bar)   Constr. rmsd
   -1.86463e+02   -5.78365e+01    3.15377e-05

           Step           Time
           7000       14.00000

   Energies (kJ/mol)
          Angle    Proper Dih.  Improper Dih.          LJ-14     Coulomb-14
    1.03452e+03    1.17122e+03    8.74679e+01    4.65296e+02    5.97187e+03
        LJ (SR)  Disper. corr.   Coulomb (SR)   Coul. recip. Position Rest.
    2.42108e+05   -1.34387e+04   -1.86613e+06    9.83129e+03    1.46471e+02
      Potential    Kinetic En.   Total Energy  Conserved En.    Temperature
   -1.61875e+06    3.02161e+05   -1.31659e+06   -1.65392e+06    3.10402e+02
 Pres. DC (bar) Pressure (bar)   Constr. rmsd
   -1.86463e+02   -2.54714e+02    3.60293e-05

           Step           Time
           7500       15.00000

   Energies (kJ/mol)
          Angle    Proper Dih.  Improper Dih.          LJ-14     Coulomb-14
    9.85837e+02    1.17966e+03    8.67420e+01    4.57474e+02    5.98159e+03
        LJ (SR)  Disper. corr.   Coulomb (SR)   Coul. recip. Position Rest.
    2.44559e+05   -1.34387e+04   -1.86640e+06    9.84850e+03    1.43292e+02
      Potential    Kinetic En.   Total Energy  Conserved En.    Temperature
   -1.61660e+06    3.00882e+05   -1.31571e+06   -1.65393e+06    3.09089e+02
 Pres. DC (bar) Pressure (bar)   Constr. rmsd
   -1.86463e+02   -3.56387e+00    4.28440e-05

           Step           Time
           8000       16.00000

   Energies (kJ/mol)
          Angle    Proper Dih.  Improper Dih.          LJ-14     Coulomb-14
    1.00636e+03    1.18441e+03    8.30614e+01    4.86579e+02    6.02753e+03
        LJ (SR)  Disper. corr.   Coulomb (SR)   Coul. recip. Position Rest.
    2.45915e+05   -1.34387e+04   -1.86742e+06    9.67746e+03    2.02263e+02
      Potential    Kinetic En.   Total Energy  Conserved En.    Temperature
   -1.61628e+06    3.01278e+05   -1.31500e+06   -1.65393e+06    3.09495e+02
 Pres. DC (bar) Pressure (bar)   Constr. rmsd
   -1.86463e+02    4.80355e+01    3.13634e-05

           Step           Time
           8500       17.00000

   Energies (kJ/mol)
          Angle    Proper Dih.  Improper Dih.          LJ-14     Coulomb-14
    1.07872e+03    1.16683e+03    9.02373e+01    4.69359e+02    5.90983e+03
        LJ (SR)  Disper. corr.   Coulomb (SR)   Coul. recip. Position Rest.
    2.45901e+05   -1.34387e+04   -1.86632e+06    9.78191e+03    1.55778e+02
      Potential    Kinetic En.   Total Energy  Conserved En.    Temperature
   -1.61520e+06    3.01172e+05   -1.31403e+06   -1.65393e+06    3.09386e+02
 Pres. DC (bar) Pressure (bar)   Constr. rmsd
   -1.86463e+02    6.49488e+01    3.72465e-05

           Step           Time
           9000       18.00000

   Energies (kJ/mol)
          Angle    Proper Dih.  Improper Dih.          LJ-14     Coulomb-14
    1.02572e+03    1.17874e+03    8.78651e+01    4.82905e+02    5.96367e+03
        LJ (SR)  Disper. corr.   Coulomb (SR)   Coul. recip. Position Rest.
    2.43720e+05   -1.34387e+04   -1.86560e+06    9.74867e+03    1.78263e+02
      Potential    Kinetic En.   Total Energy  Conserved En.    Temperature
   -1.61665e+06    3.02726e+05   -1.31393e+06   -1.65398e+06    3.10983e+02
 Pres. DC (bar) Pressure (bar)   Constr. rmsd
   -1.86463e+02   -8.60737e+01    3.35200e-05

           Step           Time
           9500       19.00000

   Energies (kJ/mol)
          Angle    Proper Dih.  Improper Dih.          LJ-14     Coulomb-14
    1.03905e+03    1.14793e+03    8.65182e+01    4.55681e+02    5.98491e+03
        LJ (SR)  Disper. corr.   Coulomb (SR)   Coul. recip. Position Rest.
    2.45074e+05   -1.34387e+04   -1.86862e+06    9.58898e+03    1.73587e+02
      Potential    Kinetic En.   Total Energy  Conserved En.    Temperature
   -1.61851e+06    3.02108e+05   -1.31640e+06   -1.65397e+06    3.10348e+02
 Pres. DC (bar) Pressure (bar)   Constr. rmsd
   -1.86463e+02   -4.97897e+01    3.35644e-05

           Step           Time
          10000       20.00000

   Energies (kJ/mol)
          Angle    Proper Dih.  Improper Dih.          LJ-14     Coulomb-14
    9.27378e+02    1.16739e+03    8.05779e+01    4.75831e+02    5.99143e+03
        LJ (SR)  Disper. corr.   Coulomb (SR)   Coul. recip. Position Rest.
    2.42617e+05   -1.34387e+04   -1.86451e+06    9.80628e+03    1.78524e+02
      Potential    Kinetic En.   Total Energy  Conserved En.    Temperature
   -1.61670e+06    3.01131e+05   -1.31557e+06   -1.65401e+06    3.09345e+02
 Pres. DC (bar) Pressure (bar)   Constr. rmsd
   -1.86463e+02   -1.37146e+02    3.15831e-05

           Step           Time
          10500       21.00000

   Energies (kJ/mol)
          Angle    Proper Dih.  Improper Dih.          LJ-14     Coulomb-14
    9.42490e+02    1.17194e+03    8.58124e+01    4.83003e+02    5.99180e+03
        LJ (SR)  Disper. corr.   Coulomb (SR)   Coul. recip. Position Rest.
    2.42674e+05   -1.34387e+04   -1.86696e+06    9.73067e+03    1.70829e+02
      Potential    Kinetic En.   Total Energy  Conserved En.    Temperature
   -1.61915e+06    3.01892e+05   -1.31726e+06   -1.65404e+06    3.10126e+02
 Pres. DC (bar) Pressure (bar)   Constr. rmsd
   -1.86463e+02   -1.04249e+02    3.24809e-05

           Step           Time
          11000       22.00000

   Energies (kJ/mol)
          Angle    Proper Dih.  Improper Dih.          LJ-14     Coulomb-14
    1.03180e+03    1.18697e+03    7.37168e+01    5.05644e+02    6.02692e+03
        LJ (SR)  Disper. corr.   Coulomb (SR)   Coul. recip. Position Rest.
    2.45033e+05   -1.34387e+04   -1.86855e+06    9.76117e+03    1.73654e+02
      Potential    Kinetic En.   Total Energy  Conserved En.    Temperature
   -1.61820e+06    3.01433e+05   -1.31676e+06   -1.65402e+06    3.09655e+02
 Pres. DC (bar) Pressure (bar)   Constr. rmsd
   -1.86463e+02    1.26242e+01    3.14296e-05

           Step           Time
          11500       23.00000

   Energies (kJ/mol)
          Angle    Proper Dih.  Improper Dih.          LJ-14     Coulomb-14
    1.11291e+03    1.20610e+03    8.42808e+01    4.62126e+02    5.99861e+03
        LJ (SR)  Disper. corr.   Coulomb (SR)   Coul. recip. Position Rest.
    2.44871e+05   -1.34387e+04   -1.86778e+06    9.79131e+03    1.73059e+02
      Potential    Kinetic En.   Total Energy  Conserved En.    Temperature
   -1.61752e+06    3.03332e+05   -1.31419e+06   -1.65405e+06    3.11606e+02
 Pres. DC (bar) Pressure (bar)   Constr. rmsd
   -1.86463e+02   -7.07488e+01    3.90395e-05

           Step           Time
          12000       24.00000

   Energies (kJ/mol)
          Angle    Proper Dih.  Improper Dih.          LJ-14     Coulomb-14
    1.00254e+03    1.18496e+03    8.45286e+01    4.66966e+02    5.95911e+03
        LJ (SR)  Disper. corr.   Coulomb (SR)   Coul. recip. Position Rest.
    2.47461e+05   -1.34387e+04   -1.87095e+06    9.75174e+03    1.66018e+02
      Potential    Kinetic En.   Total Energy  Conserved En.    Temperature
   -1.61831e+06    3.01675e+05   -1.31664e+06   -1.65407e+06    3.09903e+02
 Pres. DC (bar) Pressure (bar)   Constr. rmsd
   -1.86463e+02    3.50119e+01    3.26829e-05

           Step           Time
          12500       25.00000

   Energies (kJ/mol)
          Angle    Proper Dih.  Improper Dih.          LJ-14     Coulomb-14
    9.99047e+02    1.16442e+03    6.85757e+01    4.53829e+02    5.95116e+03
        LJ (SR)  Disper. corr.   Coulomb (SR)   Coul. recip. Position Rest.
    2.45348e+05   -1.34387e+04   -1.86880e+06    9.87793e+03    1.98345e+02
      Potential    Kinetic En.   Total Energy  Conserved En.    Temperature
   -1.61817e+06    3.01554e+05   -1.31662e+06   -1.65407e+06    3.09779e+02
 Pres. DC (bar) Pressure (bar)   Constr. rmsd
   -1.86463e+02    4.85955e+01    3.63783e-05

           Step           Time
          13000       26.00000

   Energies (kJ/mol)
          Angle    Proper Dih.  Improper Dih.          LJ-14     Coulomb-14
    9.41198e+02    1.17654e+03    9.65576e+01    5.01113e+02    6.01757e+03
        LJ (SR)  Disper. corr.   Coulomb (SR)   Coul. recip. Position Rest.
    2.48347e+05   -1.34387e+04   -1.87261e+06    9.74045e+03    1.75684e+02
      Potential    Kinetic En.   Total Energy  Conserved En.    Temperature
   -1.61905e+06    3.02308e+05   -1.31675e+06   -1.65409e+06    3.10553e+02
 Pres. DC (bar) Pressure (bar)   Constr. rmsd
   -1.86463e+02    1.38237e+02    2.71621e-05

           Step           Time
          13500       27.00000

   Energies (kJ/mol)
          Angle    Proper Dih.  Improper Dih.          LJ-14     Coulomb-14
    9.90384e+02    1.15618e+03    8.23327e+01    4.73154e+02    5.97673e+03
        LJ (SR)  Disper. corr.   Coulomb (SR)   Coul. recip. Position Rest.
    2.43783e+05   -1.34387e+04   -1.86612e+06    9.88192e+03    1.78939e+02
      Potential    Kinetic En.   Total Energy  Conserved En.    Temperature
   -1.61703e+06    3.00057e+05   -1.31698e+06   -1.65411e+06    3.08242e+02
 Pres. DC (bar) Pressure (bar)   Constr. rmsd
   -1.86463e+02   -8.05028e+01    3.40298e-05

           Step           Time
          14000       28.00000

   Energies (kJ/mol)
          Angle    Proper Dih.  Improper Dih.          LJ-14     Coulomb-14
    1.07330e+03    1.15446e+03    9.63854e+01    4.73876e+02    5.97142e+03
        LJ (SR)  Disper. corr.   Coulomb (SR)   Coul. recip. Position Rest.
    2.44939e+05   -1.34387e+04   -1.86657e+06    9.65087e+03    1.72524e+02
      Potential    Kinetic En.   Total Energy  Conserved En.    Temperature
   -1.61648e+06    3.01946e+05   -1.31453e+06   -1.65416e+06    3.10182e+02
 Pres. DC (bar) Pressure (bar)   Constr. rmsd
   -1.86463e+02   -3.63541e+00    3.30543e-05

           Step           Time
          14500       29.00000

   Energies (kJ/mol)
          Angle    Proper Dih.  Improper Dih.          LJ-14     Coulomb-14
    9.94417e+02    1.17314e+03    7.88117e+01    4.91273e+02    5.98648e+03
        LJ (SR)  Disper. corr.   Coulomb (SR)   Coul. recip. Position Rest.
    2.45087e+05   -1.34387e+04   -1.86638e+06    9.83210e+03    2.02626e+02
      Potential    Kinetic En.   Total Energy  Conserved En.    Temperature
   -1.61598e+06    3.00910e+05   -1.31507e+06   -1.65415e+06    3.09117e+02
 Pres. DC (bar) Pressure (bar)   Constr. rmsd
   -1.86463e+02    7.50131e+01    3.26425e-05

           Step           Time
          15000       30.00000

   Energies (kJ/mol)
          Angle    Proper Dih.  Improper Dih.          LJ-14     Coulomb-14
    1.03375e+03    1.13424e+03    6.96976e+01    4.74781e+02    5.97164e+03
        LJ (SR)  Disper. corr.   Coulomb (SR)   Coul. recip. Position Rest.
    2.44514e+05   -1.34387e+04   -1.86858e+06    9.70109e+03    1.70448e+02
      Potential    Kinetic En.   Total Energy  Conserved En.    Temperature
   -1.61895e+06    3.02328e+05   -1.31662e+06   -1.65417e+06    3.10574e+02
 Pres. DC (bar) Pressure (bar)   Constr. rmsd
   -1.86463e+02   -4.54767e+01    4.01698e-05

           Step           Time
          15500       31.00000

   Energies (kJ/mol)
          Angle    Proper Dih.  Improper Dih.          LJ-14     Coulomb-14
    1.05198e+03    1.17706e+03    1.06640e+02    4.54816e+02    5.90751e+03
        LJ (SR)  Disper. corr.   Coulomb (SR)   Coul. recip. Position Rest.
    2.45372e+05   -1.34387e+04   -1.86939e+06    9.73777e+03    1.55517e+02
      Potential    Kinetic En.   Total Energy  Conserved En.    Temperature
   -1.61887e+06    3.00748e+05   -1.31812e+06   -1.65418e+06    3.08951e+02
 Pres. DC (bar) Pressure (bar)   Constr. rmsd
   -1.86463e+02   -1.44322e+01    3.70807e-05

           Step           Time
          16000       32.00000

   Energies (kJ/mol)
          Angle    Proper Dih.  Improper Dih.          LJ-14     Coulomb-14
    1.03126e+03    1.16461e+03    8.77136e+01    4.78874e+02    6.01382e+03
        LJ (SR)  Disper. corr.   Coulomb (SR)   Coul. recip. Position Rest.
    2.43068e+05   -1.34387e+04   -1.86530e+06    9.72163e+03    1.73131e+02
      Potential    Kinetic En.   Total Energy  Conserved En.    Temperature
   -1.61700e+06    3.01761e+05   -1.31524e+06   -1.65421e+06    3.09991e+02
 Pres. DC (bar) Pressure (bar)   Constr. rmsd
   -1.86463e+02   -6.85866e+01    3.17956e-05

           Step           Time
          16500       33.00000

   Energies (kJ/mol)
          Angle    Proper Dih.  Improper Dih.          LJ-14     Coulomb-14
    9.97555e+02    1.14647e+03    9.30572e+01    5.06763e+02    6.02496e+03
        LJ (SR)  Disper. corr.   Coulomb (SR)   Coul. recip. Position Rest.
    2.45611e+05   -1.34387e+04   -1.86764e+06    9.83129e+03    1.92927e+02
      Potential    Kinetic En.   Total Energy  Conserved En.    Temperature
   -1.61667e+06    3.03873e+05   -1.31280e+06   -1.65420e+06    3.12161e+02
 Pres. DC (bar) Pressure (bar)   Constr. rmsd
   -1.86463e+02    2.01035e+00    3.61421e-05

           Step           Time
          17000       34.00000

   Energies (kJ/mol)
          Angle    Proper Dih.  Improper Dih.          LJ-14     Coulomb-14
    1.04602e+03    1.12399e+03    6.86586e+01    4.48773e+02    5.95385e+03
        LJ (SR)  Disper. corr.   Coulomb (SR)   Coul. recip. Position Rest.
    2.46290e+05   -1.34387e+04   -1.86977e+06    9.80096e+03    1.81239e+02
      Potential    Kinetic En.   Total Energy  Conserved En.    Temperature
   -1.61829e+06    3.01411e+05   -1.31688e+06   -1.65423e+06    3.09633e+02
 Pres. DC (bar) Pressure (bar)   Constr. rmsd
   -1.86463e+02   -1.36552e+02    4.32318e-05

           Step           Time
          17500       35.00000

   Energies (kJ/mol)
          Angle    Proper Dih.  Improper Dih.          LJ-14     Coulomb-14
    9.22301e+02    1.16560e+03    8.46247e+01    4.51797e+02    6.04150e+03
        LJ (SR)  Disper. corr.   Coulomb (SR)   Coul. recip. Position Rest.
    2.46471e+05   -1.34387e+04   -1.86815e+06    9.71060e+03    1.94666e+02
      Potential    Kinetic En.   Total Energy  Conserved En.    Temperature
   -1.61655e+06    3.01658e+05   -1.31489e+06   -1.65425e+06    3.09885e+02
 Pres. DC (bar) Pressure (bar)   Constr. rmsd
   -1.86463e+02    8.91602e+01    3.72454e-05

           Step           Time
          18000       36.00000

   Energies (kJ/mol)
          Angle    Proper Dih.  Improper Dih.          LJ-14     Coulomb-14
    9.82850e+02    1.18459e+03    8.18615e+01    4.77857e+02    6.01635e+03
        LJ (SR)  Disper. corr.   Coulomb (SR)   Coul. recip. Position Rest.
    2.44859e+05   -1.34387e+04   -1.86654e+06    9.81190e+03    1.76045e+02
      Potential    Kinetic En.   Total Energy  Conserved En.    Temperature
   -1.61639e+06    3.01285e+05   -1.31511e+06   -1.65425e+06    3.09502e+02
 Pres. DC (bar) Pressure (bar)   Constr. rmsd
   -1.86463e+02   -1.38050e+02    3.20194e-05

           Step           Time
          18500       37.00000

   Energies (kJ/mol)
          Angle    Proper Dih.  Improper Dih.          LJ-14     Coulomb-14
    9.82010e+02    1.18127e+03    9.09751e+01    4.58648e+02    5.96489e+03
        LJ (SR)  Disper. corr.   Coulomb (SR)   Coul. recip. Position Rest.
    2.43736e+05   -1.34387e+04   -1.86576e+06    1.00451e+04    1.53632e+02
      Potential    Kinetic En.   Total Energy  Conserved En.    Temperature
   -1.61658e+06    3.01347e+05   -1.31524e+06   -1.65428e+06    3.09567e+02
 Pres. DC (bar) Pressure (bar)   Constr. rmsd
   -1.86463e+02    1.74873e+01    3.51902e-05

           Step           Time
          19000       38.00000

   Energies (kJ/mol)
          Angle    Proper Dih.  Improper Dih.          LJ-14     Coulomb-14
    9.98069e+02    1.14010e+03    6.70055e+01    4.87273e+02    6.00609e+03
        LJ (SR)  Disper. corr.   Coulomb (SR)   Coul. recip. Position Rest.
    2.44836e+05   -1.34387e+04   -1.86703e+06    9.73681e+03    1.77070e+02
      Potential    Kinetic En.   Total Energy  Conserved En.    Temperature
   -1.61702e+06    3.01015e+05   -1.31601e+06   -1.65428e+06    3.09226e+02
 Pres. DC (bar) Pressure (bar)   Constr. rmsd
   -1.86463e+02    2.41067e+01    3.31277e-05

           Step           Time
          19500       39.00000

   Energies (kJ/mol)
          Angle    Proper Dih.  Improper Dih.          LJ-14     Coulomb-14
    9.96267e+02    1.13351e+03    8.12555e+01    4.76304e+02    5.96232e+03
        LJ (SR)  Disper. corr.   Coulomb (SR)   Coul. recip. Position Rest.
    2.45515e+05   -1.34387e+04   -1.86901e+06    9.76154e+03    2.28855e+02
      Potential    Kinetic En.   Total Energy  Conserved En.    Temperature
   -1.61830e+06    3.01724e+05   -1.31657e+06   -1.65431e+06    3.09953e+02
 Pres. DC (bar) Pressure (bar)   Constr. rmsd
   -1.86463e+02    6.97507e+01    3.66806e-05

           Step           Time
          20000       40.00000

   Energies (kJ/mol)
          Angle    Proper Dih.  Improper Dih.          LJ-14     Coulomb-14
    9.89784e+02    1.15945e+03    8.24824e+01    4.56949e+02    5.96012e+03
        LJ (SR)  Disper. corr.   Coulomb (SR)   Coul. recip. Position Rest.
    2.42846e+05   -1.34387e+04   -1.86757e+06    9.65519e+03    1.53481e+02
      Potential    Kinetic En.   Total Energy  Conserved En.    Temperature
   -1.61970e+06    3.02018e+05   -1.31769e+06   -1.65432e+06    3.10256e+02
 Pres. DC (bar) Pressure (bar)   Constr. rmsd
   -1.86463e+02   -1.26904e+02    3.52651e-05

           Step           Time
          20500       41.00000

   Energies (kJ/mol)
          Angle    Proper Dih.  Improper Dih.          LJ-14     Coulomb-14
    8.07552e+02    1.18289e+03    7.17191e+01    4.85664e+02    6.06291e+03
        LJ (SR)  Disper. corr.   Coulomb (SR)   Coul. recip. Position Rest.
    2.45643e+05   -1.34387e+04   -1.86948e+06    9.69636e+03    1.75002e+02
      Potential    Kinetic En.   Total Energy  Conserved En.    Temperature
   -1.61879e+06    3.01416e+05   -1.31738e+06   -1.65434e+06    3.09638e+02
 Pres. DC (bar) Pressure (bar)   Constr. rmsd
   -1.86463e+02   -1.05933e+02    3.31974e-05

           Step           Time
          21000       42.00000

   Energies (kJ/mol)
          Angle    Proper Dih.  Improper Dih.          LJ-14     Coulomb-14
    1.13577e+03    1.15080e+03    9.08163e+01    4.68305e+02    6.02543e+03
        LJ (SR)  Disper. corr.   Coulomb (SR)   Coul. recip. Position Rest.
    2.44623e+05   -1.34387e+04   -1.86771e+06    9.86424e+03    1.83552e+02
      Potential    Kinetic En.   Total Energy  Conserved En.    Temperature
   -1.61761e+06    3.01711e+05   -1.31589e+06   -1.65435e+06    3.09940e+02
 Pres. DC (bar) Pressure (bar)   Constr. rmsd
   -1.86463e+02   -1.04671e+02    3.63304e-05

           Step           Time
          21500       43.00000

   Energies (kJ/mol)
          Angle    Proper Dih.  Improper Dih.          LJ-14     Coulomb-14
    9.74065e+02    1.16476e+03    8.55679e+01    4.90893e+02    6.01388e+03
        LJ (SR)  Disper. corr.   Coulomb (SR)   Coul. recip. Position Rest.
    2.42786e+05   -1.34387e+04   -1.86534e+06    9.76082e+03    1.79342e+02
      Potential    Kinetic En.   Total Energy  Conserved En.    Temperature
   -1.61733e+06    3.00451e+05   -1.31688e+06   -1.65439e+06    3.08646e+02
 Pres. DC (bar) Pressure (bar)   Constr. rmsd
   -1.86463e+02   -1.62627e+02    2.98394e-05

           Step           Time
          22000       44.00000

   Energies (kJ/mol)
          Angle    Proper Dih.  Improper Dih.          LJ-14     Coulomb-14
    9.54550e+02    1.14838e+03    9.02612e+01    4.78582e+02    5.95451e+03
        LJ (SR)  Disper. corr.   Coulomb (SR)   Coul. recip. Position Rest.
    2.44967e+05   -1.34387e+04   -1.86746e+06    9.76872e+03    1.66351e+02
      Potential    Kinetic En.   Total Energy  Conserved En.    Temperature
   -1.61737e+06    3.01611e+05   -1.31576e+06   -1.65438e+06    3.09838e+02
 Pres. DC (bar) Pressure (bar)   Constr. rmsd
   -1.86463e+02   -8.06124e+01    3.68444e-05

           Step           Time
          22500       45.00000

   Energies (kJ/mol)
          Angle    Proper Dih.  Improper Dih.          LJ-14     Coulomb-14
    1.17810e+03    1.18523e+03    7.91556e+01    4.85174e+02    5.96832e+03
        LJ (SR)  Disper. corr.   Coulomb (SR)   Coul. recip. Position Rest.
    2.45140e+05   -1.34387e+04   -1.86760e+06    9.84221e+03    1.68905e+02
      Potential    Kinetic En.   Total Energy  Conserved En.    Temperature
   -1.61700e+06    3.02653e+05   -1.31434e+06   -1.65437e+06    3.10908e+02
 Pres. DC (bar) Pressure (bar)   Constr. rmsd
   -1.86463e+02   -6.31493e+01    4.05808e-05

           Step           Time
          23000       46.00000

   Energies (kJ/mol)
          Angle    Proper Dih.  Improper Dih.          LJ-14     Coulomb-14
    9.19685e+02    1.14405e+03    8.55114e+01    4.80566e+02    6.03188e+03
        LJ (SR)  Disper. corr.   Coulomb (SR)   Coul. recip. Position Rest.
    2.46935e+05   -1.34387e+04   -1.87177e+06    9.59960e+03    1.89069e+02
      Potential    Kinetic En.   Total Energy  Conserved En.    Temperature
   -1.61982e+06    3.01746e+05   -1.31808e+06   -1.65441e+06    3.09976e+02
 Pres. DC (bar) Pressure (bar)   Constr. rmsd
   -1.86463e+02    6.17076e+01    3.38277e-05

           Step           Time
          23500       47.00000

   Energies (kJ/mol)
          Angle    Proper Dih.  Improper Dih.          LJ-14     Coulomb-14
    1.08978e+03    1.17350e+03    7.20984e+01    4.95488e+02    5.94525e+03
        LJ (SR)  Disper. corr.   Coulomb (SR)   Coul. recip. Position Rest.
    2.42746e+05   -1.34387e+04   -1.86145e+06    9.85089e+03    1.79481e+02
      Potential    Kinetic En.   Total Energy  Conserved En.    Temperature
   -1.61333e+06    3.03172e+05   -1.31016e+06   -1.65442e+06    3.11441e+02
 Pres. DC (bar) Pressure (bar)   Constr. rmsd
   -1.86463e+02    1.38683e+01    3.58189e-05

           Step           Time
          24000       48.00000

   Energies (kJ/mol)
          Angle    Proper Dih.  Improper Dih.          LJ-14     Coulomb-14
    9.89808e+02    1.20947e+03    8.67325e+01    4.86580e+02    6.01483e+03
        LJ (SR)  Disper. corr.   Coulomb (SR)   Coul. recip. Position Rest.
    2.45548e+05   -1.34387e+04   -1.86758e+06    9.59354e+03    1.94881e+02
      Potential    Kinetic En.   Total Energy  Conserved En.    Temperature
   -1.61690e+06    3.01527e+05   -1.31537e+06   -1.65445e+06    3.09751e+02
 Pres. DC (bar) Pressure (bar)   Constr. rmsd
   -1.86463e+02   -4.33749e+01    3.16467e-05

           Step           Time
          24500       49.00000

   Energies (kJ/mol)
          Angle    Proper Dih.  Improper Dih.          LJ-14     Coulomb-14
    9.53275e+02    1.15592e+03    7.53742e+01    4.98040e+02    5.97030e+03
        LJ (SR)  Disper. corr.   Coulomb (SR)   Coul. recip. Position Rest.
    2.45113e+05   -1.34387e+04   -1.86904e+06    9.83341e+03    1.75818e+02
      Potential    Kinetic En.   Total Energy  Conserved En.    Temperature
   -1.61871e+06    3.01728e+05   -1.31698e+06   -1.65446e+06    3.09958e+02
 Pres. DC (bar) Pressure (bar)   Constr. rmsd
   -1.86463e+02    3.34199e+01    3.34190e-05

           Step           Time
          25000       50.00000

   Energies (kJ/mol)
          Angle    Proper Dih.  Improper Dih.          LJ-14     Coulomb-14
    1.01584e+03    1.20049e+03    9.57343e+01    4.80997e+02    6.01922e+03
        LJ (SR)  Disper. corr.   Coulomb (SR)   Coul. recip. Position Rest.
    2.43645e+05   -1.34387e+04   -1.86740e+06    9.72687e+03    2.10853e+02
      Potential    Kinetic En.   Total Energy  Conserved En.    Temperature
   -1.61844e+06    3.02669e+05   -1.31577e+06   -1.65449e+06    3.10924e+02
 Pres. DC (bar) Pressure (bar)   Constr. rmsd
   -1.86463e+02   -9.42500e+01    3.63647e-05

           Step           Time
          25500       51.00000

   Energies (kJ/mol)
          Angle    Proper Dih.  Improper Dih.          LJ-14     Coulomb-14
    9.89783e+02    1.15849e+03    8.33369e+01    4.58657e+02    6.04155e+03
        LJ (SR)  Disper. corr.   Coulomb (SR)   Coul. recip. Position Rest.
    2.44691e+05   -1.34387e+04   -1.86873e+06    9.85815e+03    1.97613e+02
      Potential    Kinetic En.   Total Energy  Conserved En.    Temperature
   -1.61869e+06    3.02600e+05   -1.31609e+06   -1.65449e+06    3.10854e+02
 Pres. DC (bar) Pressure (bar)   Constr. rmsd
   -1.86463e+02   -9.63445e+01    3.10400e-05

           Step           Time
          26000       52.00000

   Energies (kJ/mol)
          Angle    Proper Dih.  Improper Dih.          LJ-14     Coulomb-14
    1.03035e+03    1.16744e+03    7.31184e+01    4.75390e+02    5.98272e+03
        LJ (SR)  Disper. corr.   Coulomb (SR)   Coul. recip. Position Rest.
    2.44327e+05   -1.34387e+04   -1.86862e+06    9.77479e+03    1.78529e+02
      Potential    Kinetic En.   Total Energy  Conserved En.    Temperature
   -1.61905e+06    3.02141e+05   -1.31691e+06   -1.65452e+06    3.10382e+02
 Pres. DC (bar) Pressure (bar)   Constr. rmsd
   -1.86463e+02   -1.05231e+02    3.42918e-05

           Step           Time
          26500       53.00000

   Energies (kJ/mol)
          Angle    Proper Dih.  Improper Dih.          LJ-14     Coulomb-14
    9.79743e+02    1.15835e+03    9.11496e+01    4.51330e+02    5.97814e+03
        LJ (SR)  Disper. corr.   Coulomb (SR)   Coul. recip. Position Rest.
    2.45069e+05   -1.34387e+04   -1.86754e+06    9.71801e+03    1.41309e+02
      Potential    Kinetic En.   Total Energy  Conserved En.    Temperature
   -1.61740e+06    3.01605e+05   -1.31579e+06   -1.65452e+06    3.09831e+02
 Pres. DC (bar) Pressure (bar)   Constr. rmsd
   -1.86463e+02   -1.11347e+02    3.85470e-05

           Step           Time
          27000       54.00000

   Energies (kJ/mol)
          Angle    Proper Dih.  Improper Dih.          LJ-14     Coulomb-14
    1.04774e+03    1.16037e+03    9.01326e+01    5.05991e+02    6.05820e+03
        LJ (SR)  Disper. corr.   Coulomb (SR)   Coul. recip. Position Rest.
    2.41700e+05   -1.34387e+04   -1.86383e+06    9.73217e+03    1.65781e+02
      Potential    Kinetic En.   Total Energy  Conserved En.    Temperature
   -1.61680e+06    3.01979e+05   -1.31482e+06   -1.65454e+06    3.10216e+02
 Pres. DC (bar) Pressure (bar)   Constr. rmsd
   -1.86463e+02   -1.35187e+02    3.28864e-05

           Step           Time
          27500       55.00000

   Energies (kJ/mol)
          Angle    Proper Dih.  Improper Dih.          LJ-14     Coulomb-14
    1.08327e+03    1.19526e+03    9.88671e+01    4.56116e+02    5.99788e+03
        LJ (SR)  Disper. corr.   Coulomb (SR)   Coul. recip. Position Rest.
    2.43950e+05   -1.34387e+04   -1.86541e+06    9.81460e+03    2.11940e+02
      Potential    Kinetic En.   Total Energy  Conserved En.    Temperature
   -1.61604e+06    3.02771e+05   -1.31327e+06   -1.65456e+06    3.11029e+02
 Pres. DC (bar) Pressure (bar)   Constr. rmsd
   -1.86463e+02   -1.35018e+01    3.79460e-05

           Step           Time
          28000       56.00000

   Energies (kJ/mol)
          Angle    Proper Dih.  Improper Dih.          LJ-14     Coulomb-14
    9.60032e+02    1.21958e+03    9.51649e+01    4.56879e+02    5.99289e+03
        LJ (SR)  Disper. corr.   Coulomb (SR)   Coul. recip. Position Rest.
    2.43376e+05   -1.34387e+04   -1.86696e+06    9.67938e+03    1.98113e+02
      Potential    Kinetic En.   Total Energy  Conserved En.    Temperature
   -1.61842e+06    3.01329e+05   -1.31710e+06   -1.65456e+06    3.09548e+02
 Pres. DC (bar) Pressure (bar)   Constr. rmsd
   -1.86463e+02   -3.16530e+01    3.11479e-05

           Step           Time
          28500       57.00000

   Energies (kJ/mol)
          Angle    Proper Dih.  Improper Dih.          LJ-14     Coulomb-14
    1.05728e+03    1.16105e+03    8.78623e+01    4.44227e+02    5.96503e+03
        LJ (SR)  Disper. corr.   Coulomb (SR)   Coul. recip. Position Rest.
    2.42980e+05   -1.34387e+04   -1.86365e+06    9.86739e+03    2.03025e+02
      Potential    Kinetic En.   Total Energy  Conserved En.    Temperature
   -1.61533e+06    3.01700e+05   -1.31363e+06   -1.65460e+06    3.09929e+02
 Pres. DC (bar) Pressure (bar)   Constr. rmsd
   -1.86463e+02   -1.00788e+02    4.00999e-05

           Step           Time
          29000       58.00000

   Energies (kJ/mol)
          Angle    Proper Dih.  Improper Dih.          LJ-14     Coulomb-14
    9.95099e+02    1.14532e+03    7.68527e+01    4.84159e+02    6.01396e+03
        LJ (SR)  Disper. corr.   Coulomb (SR)   Coul. recip. Position Rest.
    2.43345e+05   -1.34387e+04   -1.86530e+06    9.71452e+03    2.01109e+02
      Potential    Kinetic En.   Total Energy  Conserved En.    Temperature
   -1.61676e+06    3.01907e+05   -1.31485e+06   -1.65463e+06    3.10142e+02
 Pres. DC (bar) Pressure (bar)   Constr. rmsd
   -1.86463e+02   -1.52145e+02    3.37526e-05

           Step           Time
          29500       59.00000

   Energies (kJ/mol)
          Angle    Proper Dih.  Improper Dih.          LJ-14     Coulomb-14
    1.00982e+03    1.17611e+03    9.06697e+01    4.69140e+02    5.99989e+03
        LJ (SR)  Disper. corr.   Coulomb (SR)   Coul. recip. Position Rest.
    2.45988e+05   -1.34387e+04   -1.86980e+06    9.79990e+03    2.10987e+02
      Potential    Kinetic En.   Total Energy  Conserved En.    Temperature
   -1.61849e+06    3.00163e+05   -1.31833e+06   -1.65461e+06    3.08350e+02
 Pres. DC (bar) Pressure (bar)   Constr. rmsd
   -1.86463e+02   -5.81303e+01    3.45228e-05

           Step           Time
          30000       60.00000

   Energies (kJ/mol)
          Angle    Proper Dih.  Improper Dih.          LJ-14     Coulomb-14
    1.03553e+03    1.14831e+03    7.77552e+01    4.54331e+02    5.98454e+03
        LJ (SR)  Disper. corr.   Coulomb (SR)   Coul. recip. Position Rest.
    2.45895e+05   -1.34387e+04   -1.86946e+06    9.77202e+03    1.91217e+02
      Potential    Kinetic En.   Total Energy  Conserved En.    Temperature
   -1.61834e+06    3.00749e+05   -1.31759e+06   -1.65464e+06    3.08952e+02
 Pres. DC (bar) Pressure (bar)   Constr. rmsd
   -1.86463e+02    1.34154e+00    3.82342e-05

           Step           Time
          30500       61.00000

   Energies (kJ/mol)
          Angle    Proper Dih.  Improper Dih.          LJ-14     Coulomb-14
    1.08000e+03    1.14912e+03    8.18562e+01    4.77195e+02    5.93625e+03
        LJ (SR)  Disper. corr.   Coulomb (SR)   Coul. recip. Position Rest.
    2.45039e+05   -1.34387e+04   -1.86740e+06    9.88059e+03    2.23913e+02
      Potential    Kinetic En.   Total Energy  Conserved En.    Temperature
   -1.61697e+06    3.01531e+05   -1.31544e+06   -1.65466e+06    3.09756e+02
 Pres. DC (bar) Pressure (bar)   Constr. rmsd
   -1.86463e+02   -8.90170e+01    3.47261e-05

           Step           Time
          31000       62.00000

   Energies (kJ/mol)
          Angle    Proper Dih.  Improper Dih.          LJ-14     Coulomb-14
    9.90127e+02    1.20068e+03    8.66950e+01    4.62915e+02    6.03885e+03
        LJ (SR)  Disper. corr.   Coulomb (SR)   Coul. recip. Position Rest.
    2.42179e+05   -1.34387e+04   -1.86547e+06    9.60781e+03    1.61677e+02
      Potential    Kinetic En.   Total Energy  Conserved En.    Temperature
   -1.61818e+06    3.02446e+05   -1.31573e+06   -1.65468e+06    3.10695e+02
 Pres. DC (bar) Pressure (bar)   Constr. rmsd
   -1.86463e+02   -2.12687e+02    3.88830e-05

           Step           Time
          31500       63.00000

   Energies (kJ/mol)
          Angle    Proper Dih.  Improper Dih.          LJ-14     Coulomb-14
    1.00945e+03    1.17121e+03    8.21926e+01    4.66663e+02    5.97281e+03
        LJ (SR)  Disper. corr.   Coulomb (SR)   Coul. recip. Position Rest.
    2.43378e+05   -1.34387e+04   -1.86834e+06    9.73762e+03    1.55711e+02
      Potential    Kinetic En.   Total Energy  Conserved En.    Temperature
   -1.61980e+06    3.01835e+05   -1.31797e+06   -1.65468e+06    3.10068e+02
 Pres. DC (bar) Pressure (bar)   Constr. rmsd
   -1.86463e+02   -1.57013e+02    4.10372e-05

           Step           Time
          32000       64.00000

   Energies (kJ/mol)
          Angle    Proper Dih.  Improper Dih.          LJ-14     Coulomb-14
    9.59275e+02    1.17502e+03    1.04776e+02    4.76144e+02    6.01903e+03
        LJ (SR)  Disper. corr.   Coulomb (SR)   Coul. recip. Position Rest.
    2.45192e+05   -1.34387e+04   -1.86879e+06    9.77133e+03    1.68772e+02
      Potential    Kinetic En.   Total Energy  Conserved En.    Temperature
   -1.61837e+06    3.02690e+05   -1.31568e+06   -1.65469e+06    3.10946e+02
 Pres. DC (bar) Pressure (bar)   Constr. rmsd
   -1.86463e+02    3.75128e+01    3.47297e-05

           Step           Time
          32500       65.00000

   Energies (kJ/mol)
          Angle    Proper Dih.  Improper Dih.          LJ-14     Coulomb-14
    9.71677e+02    1.15690e+03    8.12098e+01    4.71812e+02    6.00255e+03
        LJ (SR)  Disper. corr.   Coulomb (SR)   Coul. recip. Position Rest.
    2.45657e+05   -1.34387e+04   -1.86925e+06    9.84500e+03    1.84016e+02
      Potential    Kinetic En.   Total Energy  Conserved En.    Temperature
   -1.61832e+06    3.00599e+05   -1.31772e+06   -1.65471e+06    3.08798e+02
 Pres. DC (bar) Pressure (bar)   Constr. rmsd
   -1.86463e+02   -6.90030e+00    3.84090e-05

           Step           Time
          33000       66.00000

   Energies (kJ/mol)
          Angle    Proper Dih.  Improper Dih.          LJ-14     Coulomb-14
    8.93412e+02    1.16914e+03    7.18707e+01    4.85763e+02    6.03693e+03
        LJ (SR)  Disper. corr.   Coulomb (SR)   Coul. recip. Position Rest.
    2.46502e+05   -1.34387e+04   -1.87057e+06    9.63981e+03    1.75172e+02
      Potential    Kinetic En.   Total Energy  Conserved En.    Temperature
   -1.61904e+06    3.01088e+05   -1.31795e+06   -1.65473e+06    3.09300e+02
 Pres. DC (bar) Pressure (bar)   Constr. rmsd
   -1.86463e+02    1.11128e+01    3.22452e-05

           Step           Time
          33500       67.00000

   Energies (kJ/mol)
          Angle    Proper Dih.  Improper Dih.          LJ-14     Coulomb-14
    1.04669e+03    1.14918e+03    9.74755e+01    4.59031e+02    6.00907e+03
        LJ (SR)  Disper. corr.   Coulomb (SR)   Coul. recip. Position Rest.
    2.44363e+05   -1.34387e+04   -1.86732e+06    9.82350e+03    2.14908e+02
      Potential    Kinetic En.   Total Energy  Conserved En.    Temperature
   -1.61759e+06    3.01023e+05   -1.31657e+06   -1.65476e+06    3.09233e+02
 Pres. DC (bar) Pressure (bar)   Constr. rmsd
   -1.86463e+02    7.09706e+01    3.51550e-05

           Step           Time
          34000       68.00000

   Energies (kJ/mol)
          Angle    Proper Dih.  Improper Dih.          LJ-14     Coulomb-14
    1.02043e+03    1.18025e+03    9.64174e+01    4.66471e+02    6.02788e+03
        LJ (SR)  Disper. corr.   Coulomb (SR)   Coul. recip. Position Rest.
    2.43193e+05   -1.34387e+04   -1.86630e+06    9.73084e+03    1.97758e+02
      Potential    Kinetic En.   Total Energy  Conserved En.    Temperature
   -1.61783e+06    3.02183e+05   -1.31565e+06   -1.65477e+06    3.10425e+02
 Pres. DC (bar) Pressure (bar)   Constr. rmsd
   -1.86463e+02   -7.79238e+01    3.69405e-05

           Step           Time
          34500       69.00000

   Energies (kJ/mol)
          Angle    Proper Dih.  Improper Dih.          LJ-14     Coulomb-14
    1.02035e+03    1.17298e+03    9.71347e+01    4.67577e+02    5.97620e+03
        LJ (SR)  Disper. corr.   Coulomb (SR)   Coul. recip. Position Rest.
    2.43989e+05   -1.34387e+04   -1.86436e+06    9.83597e+03    2.01829e+02
      Potential    Kinetic En.   Total Energy  Conserved En.    Temperature
   -1.61504e+06    3.01376e+05   -1.31366e+06   -1.65477e+06    3.09596e+02
 Pres. DC (bar) Pressure (bar)   Constr. rmsd
   -1.86463e+02   -8.53761e+01    3.77190e-05

           Step           Time
          35000       70.00000

   Energies (kJ/mol)
          Angle    Proper Dih.  Improper Dih.          LJ-14     Coulomb-14
    1.01389e+03    1.14868e+03    8.93128e+01    4.64935e+02    6.02396e+03
        LJ (SR)  Disper. corr.   Coulomb (SR)   Coul. recip. Position Rest.
    2.42102e+05   -1.34387e+04   -1.86298e+06    9.88050e+03    1.87920e+02
      Potential    Kinetic En.   Total Energy  Conserved En.    Temperature
   -1.61550e+06    3.01870e+05   -1.31363e+06   -1.65478e+06    3.10103e+02
 Pres. DC (bar) Pressure (bar)   Constr. rmsd
   -1.86463e+02   -1.52613e+02    3.20394e-05

           Step           Time
          35500       71.00000

   Energies (kJ/mol)
          Angle    Proper Dih.  Improper Dih.          LJ-14     Coulomb-14
    1.00583e+03    1.16927e+03    6.87019e+01    4.85014e+02    5.99780e+03
        LJ (SR)  Disper. corr.   Coulomb (SR)   Coul. recip. Position Rest.
    2.44355e+05   -1.34387e+04   -1.86688e+06    9.75869e+03    1.98017e+02
      Potential    Kinetic En.   Total Energy  Conserved En.    Temperature
   -1.61728e+06    3.01423e+05   -1.31586e+06   -1.65482e+06    3.09644e+02
 Pres. DC (bar) Pressure (bar)   Constr. rmsd
   -1.86463e+02    3.17815e+01    3.22561e-05

           Step           Time
          36000       72.00000

   Energies (kJ/mol)
          Angle    Proper Dih.  Improper Dih.          LJ-14     Coulomb-14
    1.02189e+03    1.12553e+03    9.26669e+01    4.76122e+02    5.99762e+03
        LJ (SR)  Disper. corr.   Coulomb (SR)   Coul. recip. Position Rest.
    2.44580e+05   -1.34387e+04   -1.86780e+06    9.75671e+03    1.83882e+02
      Potential    Kinetic En.   Total Energy  Conserved En.    Temperature
   -1.61801e+06    3.02646e+05   -1.31536e+06   -1.65482e+06    3.10901e+02
 Pres. DC (bar) Pressure (bar)   Constr. rmsd
   -1.86463e+02    7.12045e+00    3.70089e-05

           Step           Time
          36500       73.00000

   Energies (kJ/mol)
          Angle    Proper Dih.  Improper Dih.          LJ-14     Coulomb-14
    1.01446e+03    1.14121e+03    8.57973e+01    4.90694e+02    5.95868e+03
        LJ (SR)  Disper. corr.   Coulomb (SR)   Coul. recip. Position Rest.
    2.41490e+05   -1.34387e+04   -1.86250e+06    9.94686e+03    1.81681e+02
      Potential    Kinetic En.   Total Energy  Conserved En.    Temperature
   -1.61563e+06    2.99711e+05   -1.31592e+06   -1.65485e+06    3.07885e+02
 Pres. DC (bar) Pressure (bar)   Constr. rmsd
   -1.86463e+02   -1.59374e+02    3.09791e-05

           Step           Time
          37000       74.00000

   Energies (kJ/mol)
          Angle    Proper Dih.  Improper Dih.          LJ-14     Coulomb-14
    1.00159e+03    1.18845e+03    9.52015e+01    4.99546e+02    5.99450e+03
        LJ (SR)  Disper. corr.   Coulomb (SR)   Coul. recip. Position Rest.
    2.43890e+05   -1.34387e+04   -1.86598e+06    9.65368e+03    1.51367e+02
      Potential    Kinetic En.   Total Energy  Conserved En.    Temperature
   -1.61694e+06    3.02424e+05   -1.31452e+06   -1.65486e+06    3.10672e+02
 Pres. DC (bar) Pressure (bar)   Constr. rmsd
   -1.86463e+02   -8.71767e+00    3.23939e-05

           Step           Time
          37500       75.00000

   Energies (kJ/mol)
          Angle    Proper Dih.  Improper Dih.          LJ-14     Coulomb-14
    1.05090e+03    1.17700e+03    7.85859e+01    5.00544e+02    5.98461e+03
        LJ (SR)  Disper. corr.   Coulomb (SR)   Coul. recip. Position Rest.
    2.47892e+05   -1.34387e+04   -1.86987e+06    9.85351e+03    1.61275e+02
      Potential    Kinetic En.   Total Energy  Conserved En.    Temperature
   -1.61661e+06    3.02364e+05   -1.31425e+06   -1.65486e+06    3.10611e+02
 Pres. DC (bar) Pressure (bar)   Constr. rmsd
   -1.86463e+02    9.50052e+01    3.12045e-05

           Step           Time
          38000       76.00000

   Energies (kJ/mol)
          Angle    Proper Dih.  Improper Dih.          LJ-14     Coulomb-14
    1.09554e+03    1.16305e+03    1.13204e+02    4.79019e+02    5.99634e+03
        LJ (SR)  Disper. corr.   Coulomb (SR)   Coul. recip. Position Rest.
    2.46455e+05   -1.34387e+04   -1.86955e+06    9.76090e+03    1.67612e+02
      Potential    Kinetic En.   Total Energy  Conserved En.    Temperature
   -1.61776e+06    3.03183e+05   -1.31458e+06   -1.65489e+06    3.11452e+02
 Pres. DC (bar) Pressure (bar)   Constr. rmsd
   -1.86463e+02   -8.27255e-01    3.35880e-05

           Step           Time
          38500       77.00000

   Energies (kJ/mol)
          Angle    Proper Dih.  Improper Dih.          LJ-14     Coulomb-14
    1.02525e+03    1.15312e+03    8.15938e+01    5.10112e+02    5.92416e+03
        LJ (SR)  Disper. corr.   Coulomb (SR)   Coul. recip. Position Rest.
    2.44415e+05   -1.34387e+04   -1.86652e+06    9.72551e+03    1.81655e+02
      Potential    Kinetic En.   Total Energy  Conserved En.    Temperature
   -1.61694e+06    3.02242e+05   -1.31470e+06   -1.65493e+06    3.10486e+02
 Pres. DC (bar) Pressure (bar)   Constr. rmsd
   -1.86463e+02   -5.20796e+00    3.18129e-05

           Step           Time
          39000       78.00000

   Energies (kJ/mol)
          Angle    Proper Dih.  Improper Dih.          LJ-14     Coulomb-14
    1.04462e+03    1.14555e+03    9.55466e+01    4.72729e+02    6.01008e+03
        LJ (SR)  Disper. corr.   Coulomb (SR)   Coul. recip. Position Rest.
    2.44391e+05   -1.34387e+04   -1.86657e+06    9.75592e+03    1.72074e+02
      Potential    Kinetic En.   Total Energy  Conserved En.    Temperature
   -1.61692e+06    3.02426e+05   -1.31449e+06   -1.65494e+06    3.10675e+02
 Pres. DC (bar) Pressure (bar)   Constr. rmsd
   -1.86463e+02   -3.43707e+01    3.48202e-05

           Step           Time
          39500       79.00000

   Energies (kJ/mol)
          Angle    Proper Dih.  Improper Dih.          LJ-14     Coulomb-14
    1.07081e+03    1.16386e+03    8.36676e+01    4.76328e+02    5.98724e+03
        LJ (SR)  Disper. corr.   Coulomb (SR)   Coul. recip. Position Rest.
    2.45116e+05   -1.34387e+04   -1.86862e+06    9.75192e+03    1.96357e+02
      Potential    Kinetic En.   Total Energy  Conserved En.    Temperature
   -1.61822e+06    3.03303e+05   -1.31491e+06   -1.65495e+06    3.11576e+02
 Pres. DC (bar) Pressure (bar)   Constr. rmsd
   -1.86463e+02   -9.76948e+01    3.61058e-05

           Step           Time
          40000       80.00000

   Energies (kJ/mol)
          Angle    Proper Dih.  Improper Dih.          LJ-14     Coulomb-14
    1.09458e+03    1.15993e+03    9.00554e+01    4.73412e+02    5.96425e+03
        LJ (SR)  Disper. corr.   Coulomb (SR)   Coul. recip. Position Rest.
    2.45434e+05   -1.34387e+04   -1.86872e+06    9.83803e+03    2.12233e+02
      Potential    Kinetic En.   Total Energy  Conserved En.    Temperature
   -1.61790e+06    3.00848e+05   -1.31705e+06   -1.65495e+06    3.09053e+02
 Pres. DC (bar) Pressure (bar)   Constr. rmsd
   -1.86463e+02   -1.14819e+01    3.71584e-05

           Step           Time
          40500       81.00000

   Energies (kJ/mol)
          Angle    Proper Dih.  Improper Dih.          LJ-14     Coulomb-14
    9.16636e+02    1.16492e+03    8.12169e+01    4.77133e+02    6.07409e+03
        LJ (SR)  Disper. corr.   Coulomb (SR)   Coul. recip. Position Rest.
    2.47172e+05   -1.34387e+04   -1.87292e+06    9.76409e+03    1.96419e+02
      Potential    Kinetic En.   Total Energy  Conserved En.    Temperature
   -1.62051e+06    3.00694e+05   -1.31982e+06   -1.65498e+06    3.08895e+02
 Pres. DC (bar) Pressure (bar)   Constr. rmsd
   -1.86463e+02   -1.12395e+01    3.12211e-05

           Step           Time
          41000       82.00000

   Energies (kJ/mol)
          Angle    Proper Dih.  Improper Dih.          LJ-14     Coulomb-14
    1.04091e+03    1.19263e+03    8.69294e+01    4.63776e+02    5.94872e+03
        LJ (SR)  Disper. corr.   Coulomb (SR)   Coul. recip. Position Rest.
    2.46539e+05   -1.34387e+04   -1.86952e+06    9.83513e+03    1.46986e+02
      Potential    Kinetic En.   Total Energy  Conserved En.    Temperature
   -1.61771e+06    3.01682e+05   -1.31603e+06   -1.65498e+06    3.09910e+02
 Pres. DC (bar) Pressure (bar)   Constr. rmsd
   -1.86463e+02    4.72666e+01    3.69570e-05

           Step           Time
          41500       83.00000

   Energies (kJ/mol)
          Angle    Proper Dih.  Improper Dih.          LJ-14     Coulomb-14
    9.43288e+02    1.15306e+03    6.61752e+01    4.72452e+02    6.00526e+03
        LJ (SR)  Disper. corr.   Coulomb (SR)   Coul. recip. Position Rest.
    2.45073e+05   -1.34387e+04   -1.86939e+06    9.78239e+03    2.09752e+02
      Potential    Kinetic En.   Total Energy  Conserved En.    Temperature
   -1.61912e+06    3.01106e+05   -1.31801e+06   -1.65502e+06    3.09319e+02
 Pres. DC (bar) Pressure (bar)   Constr. rmsd
   -1.86463e+02   -4.57288e+01    3.27995e-05

           Step           Time
          42000       84.00000

   Energies (kJ/mol)
          Angle    Proper Dih.  Improper Dih.          LJ-14     Coulomb-14
    8.94023e+02    1.15622e+03    9.19933e+01    4.84105e+02    6.01189e+03
        LJ (SR)  Disper. corr.   Coulomb (SR)   Coul. recip. Position Rest.
    2.41803e+05   -1.34387e+04   -1.86814e+06    9.76836e+03    1.81568e+02
      Potential    Kinetic En.   Total Energy  Conserved En.    Temperature
   -1.62119e+06    3.01189e+05   -1.32000e+06   -1.65503e+06    3.09404e+02
 Pres. DC (bar) Pressure (bar)   Constr. rmsd
   -1.86463e+02   -2.39043e+02    2.64865e-05

           Step           Time
          42500       85.00000

   Energies (kJ/mol)
          Angle    Proper Dih.  Improper Dih.          LJ-14     Coulomb-14
    1.01673e+03    1.10938e+03    6.92099e+01    4.62576e+02    5.96870e+03
        LJ (SR)  Disper. corr.   Coulomb (SR)   Coul. recip. Position Rest.
    2.45302e+05   -1.34387e+04   -1.86748e+06    9.77133e+03    1.51839e+02
      Potential    Kinetic En.   Total Energy  Conserved En.    Temperature
   -1.61707e+06    3.00869e+05   -1.31620e+06   -1.65503e+06    3.09076e+02
 Pres. DC (bar) Pressure (bar)   Constr. rmsd
   -1.86463e+02    7.51506e+00    4.06027e-05

           Step           Time
          43000       86.00000

   Energies (kJ/mol)
          Angle    Proper Dih.  Improper Dih.          LJ-14     Coulomb-14
    9.68750e+02    1.15971e+03    8.26456e+01    4.78850e+02    5.98735e+03
        LJ (SR)  Disper. corr.   Coulomb (SR)   Coul. recip. Position Rest.
    2.45921e+05   -1.34387e+04   -1.87072e+06    9.76300e+03    2.33215e+02
      Potential    Kinetic En.   Total Energy  Conserved En.    Temperature
   -1.61957e+06    3.01297e+05   -1.31827e+06   -1.65505e+06    3.09515e+02
 Pres. DC (bar) Pressure (bar)   Constr. rmsd
   -1.86463e+02   -3.08828e+01    2.89300e-05

           Step           Time
          43500       87.00000

   Energies (kJ/mol)
          Angle    Proper Dih.  Improper Dih.          LJ-14     Coulomb-14
    1.00500e+03    1.17048e+03    8.41933e+01    4.71809e+02    5.95817e+03
        LJ (SR)  Disper. corr.   Coulomb (SR)   Coul. recip. Position Rest.
    2.43196e+05   -1.34387e+04   -1.86501e+06    9.81219e+03    1.54737e+02
      Potential    Kinetic En.   Total Energy  Conserved En.    Temperature
   -1.61660e+06    3.00196e+05   -1.31640e+06   -1.65508e+06    3.08384e+02
 Pres. DC (bar) Pressure (bar)   Constr. rmsd
   -1.86463e+02   -2.82756e+01    3.87113e-05

           Step           Time
          44000       88.00000

   Energies (kJ/mol)
          Angle    Proper Dih.  Improper Dih.          LJ-14     Coulomb-14
    9.67544e+02    1.16669e+03    1.17097e+02    4.94601e+02    6.00853e+03
        LJ (SR)  Disper. corr.   Coulomb (SR)   Coul. recip. Position Rest.
    2.43984e+05   -1.34387e+04   -1.86818e+06    9.71902e+03    1.66503e+02
      Potential    Kinetic En.   Total Energy  Conserved En.    Temperature
   -1.61899e+06    3.02840e+05   -1.31616e+06   -1.65510e+06    3.11100e+02
 Pres. DC (bar) Pressure (bar)   Constr. rmsd
   -1.86463e+02   -7.41357e+01    3.02170e-05

           Step           Time
          44500       89.00000

   Energies (kJ/mol)
          Angle    Proper Dih.  Improper Dih.          LJ-14     Coulomb-14
    9.89451e+02    1.18190e+03    1.00186e+02    4.84856e+02    6.01756e+03
        LJ (SR)  Disper. corr.   Coulomb (SR)   Coul. recip. Position Rest.
    2.43101e+05   -1.34387e+04   -1.86406e+06    9.92493e+03    1.82335e+02
      Potential    Kinetic En.   Total Energy  Conserved En.    Temperature
   -1.61552e+06    3.01490e+05   -1.31403e+06   -1.65511e+06    3.09713e+02
 Pres. DC (bar) Pressure (bar)   Constr. rmsd
   -1.86463e+02   -7.04918e+01    3.60622e-05

           Step           Time
          45000       90.00000

   Energies (kJ/mol)
          Angle    Proper Dih.  Improper Dih.          LJ-14     Coulomb-14
    1.02854e+03    1.13336e+03    8.03145e+01    4.76783e+02    6.02628e+03
        LJ (SR)  Disper. corr.   Coulomb (SR)   Coul. recip. Position Rest.
    2.43961e+05   -1.34387e+04   -1.86634e+06    9.74269e+03    2.10831e+02
      Potential    Kinetic En.   Total Energy  Conserved En.    Temperature
   -1.61712e+06    3.01310e+05   -1.31581e+06   -1.65512e+06    3.09528e+02
 Pres. DC (bar) Pressure (bar)   Constr. rmsd
   -1.86463e+02    5.09198e+01    3.89331e-05

           Step           Time
          45500       91.00000

   Energies (kJ/mol)
          Angle    Proper Dih.  Improper Dih.          LJ-14     Coulomb-14
    9.98074e+02    1.12005e+03    6.97710e+01    4.65352e+02    5.99993e+03
        LJ (SR)  Disper. corr.   Coulomb (SR)   Coul. recip. Position Rest.
    2.42651e+05   -1.34387e+04   -1.86590e+06    9.80897e+03    2.02443e+02
      Potential    Kinetic En.   Total Energy  Conserved En.    Temperature
   -1.61802e+06    3.00876e+05   -1.31714e+06   -1.65514e+06    3.09083e+02
 Pres. DC (bar) Pressure (bar)   Constr. rmsd
   -1.86463e+02   -6.51852e+01    3.29225e-05

           Step           Time
          46000       92.00000

   Energies (kJ/mol)
          Angle    Proper Dih.  Improper Dih.          LJ-14     Coulomb-14
    1.05236e+03    1.18366e+03    8.28937e+01    4.61909e+02    5.91230e+03
        LJ (SR)  Disper. corr.   Coulomb (SR)   Coul. recip. Position Rest.
    2.43940e+05   -1.34387e+04   -1.86498e+06    9.91748e+03    1.80372e+02
      Potential    Kinetic En.   Total Energy  Conserved En.    Temperature
   -1.61569e+06    3.01974e+05   -1.31371e+06   -1.65515e+06    3.10211e+02
 Pres. DC (bar) Pressure (bar)   Constr. rmsd
   -1.86463e+02   -3.00236e+01    3.46377e-05

           Step           Time
          46500       93.00000

   Energies (kJ/mol)
          Angle    Proper Dih.  Improper Dih.          LJ-14     Coulomb-14
    1.04896e+03    1.15918e+03    1.00200e+02    4.62361e+02    6.01319e+03
        LJ (SR)  Disper. corr.   Coulomb (SR)   Coul. recip. Position Rest.
    2.41632e+05   -1.34387e+04   -1.86447e+06    9.60643e+03    1.72189e+02
      Potential    Kinetic En.   Total Energy  Conserved En.    Temperature
   -1.61772e+06    3.01432e+05   -1.31628e+06   -1.65519e+06    3.09654e+02
 Pres. DC (bar) Pressure (bar)   Constr. rmsd
   -1.86463e+02   -1.81982e+02    3.29850e-05

           Step           Time
          47000       94.00000

   Energies (kJ/mol)
          Angle    Proper Dih.  Improper Dih.          LJ-14     Coulomb-14
    1.03560e+03    1.16413e+03    8.63087e+01    4.67260e+02    5.95813e+03
        LJ (SR)  Disper. corr.   Coulomb (SR)   Coul. recip. Position Rest.
    2.43231e+05   -1.34387e+04   -1.86553e+06    9.82239e+03    2.14355e+02
      Potential    Kinetic En.   Total Energy  Conserved En.    Temperature
   -1.61699e+06    3.02147e+05   -1.31484e+06   -1.65520e+06    3.10388e+02
 Pres. DC (bar) Pressure (bar)   Constr. rmsd
   -1.86463e+02   -9.27060e+01    3.51584e-05

           Step           Time
          47500       95.00000

   Energies (kJ/mol)
          Angle    Proper Dih.  Improper Dih.          LJ-14     Coulomb-14
    1.06964e+03    1.16120e+03    8.57774e+01    4.85365e+02    6.02056e+03
        LJ (SR)  Disper. corr.   Coulomb (SR)   Coul. recip. Position Rest.
    2.45197e+05   -1.34387e+04   -1.86712e+06    9.68340e+03    1.59329e+02
      Potential    Kinetic En.   Total Energy  Conserved En.    Temperature
   -1.61669e+06    3.01553e+05   -1.31514e+06   -1.65520e+06    3.09777e+02
 Pres. DC (bar) Pressure (bar)   Constr. rmsd
   -1.86463e+02   -9.88823e+00    2.99462e-05

           Step           Time
          48000       96.00000

   Energies (kJ/mol)
          Angle    Proper Dih.  Improper Dih.          LJ-14     Coulomb-14
    1.01468e+03    1.15102e+03    9.65131e+01    4.76357e+02    6.02941e+03
        LJ (SR)  Disper. corr.   Coulomb (SR)   Coul. recip. Position Rest.
    2.44387e+05   -1.34387e+04   -1.86624e+06    9.68942e+03    1.73217e+02
      Potential    Kinetic En.   Total Energy  Conserved En.    Temperature
   -1.61666e+06    3.01511e+05   -1.31515e+06   -1.65523e+06    3.09734e+02
 Pres. DC (bar) Pressure (bar)   Constr. rmsd
   -1.86463e+02    5.85316e+01    3.33881e-05

           Step           Time
          48500       97.00000

   Energies (kJ/mol)
          Angle    Proper Dih.  Improper Dih.          LJ-14     Coulomb-14
    1.01577e+03    1.14302e+03    7.95272e+01    4.65804e+02    5.95339e+03
        LJ (SR)  Disper. corr.   Coulomb (SR)   Coul. recip. Position Rest.
    2.46418e+05   -1.34387e+04   -1.87029e+06    9.73144e+03    1.59498e+02
      Potential    Kinetic En.   Total Energy  Conserved En.    Temperature
   -1.61876e+06    3.01987e+05   -1.31678e+06   -1.65525e+06    3.10223e+02
 Pres. DC (bar) Pressure (bar)   Constr. rmsd
   -1.86463e+02    1.42591e+01    3.47029e-05

           Step           Time
          49000       98.00000

   Energies (kJ/mol)
          Angle    Proper Dih.  Improper Dih.          LJ-14     Coulomb-14
    1.07601e+03    1.16871e+03    9.76978e+01    4.96155e+02    5.97371e+03
        LJ (SR)  Disper. corr.   Coulomb (SR)   Coul. recip. Position Rest.
    2.44288e+05   -1.34387e+04   -1.86510e+06    9.71477e+03    1.77244e+02
      Potential    Kinetic En.   Total Energy  Conserved En.    Temperature
   -1.61555e+06    3.02944e+05   -1.31260e+06   -1.65526e+06    3.11207e+02
 Pres. DC (bar) Pressure (bar)   Constr. rmsd
   -1.86463e+02   -3.67862e+01    3.54135e-05

           Step           Time
          49500       99.00000

   Energies (kJ/mol)
          Angle    Proper Dih.  Improper Dih.          LJ-14     Coulomb-14
    1.01438e+03    1.17592e+03    9.27262e+01    4.78692e+02    5.96622e+03
        LJ (SR)  Disper. corr.   Coulomb (SR)   Coul. recip. Position Rest.
    2.46573e+05   -1.34387e+04   -1.86879e+06    9.75729e+03    1.73705e+02
      Potential    Kinetic En.   Total Energy  Conserved En.    Temperature
   -1.61700e+06    3.03542e+05   -1.31346e+06   -1.65528e+06    3.11821e+02
 Pres. DC (bar) Pressure (bar)   Constr. rmsd
   -1.86463e+02    5.26476e+01    3.32512e-05

           Step           Time
          50000      100.00000

Writing checkpoint, step 50000 at Wed Sep 27 11:50:44 2017


   Energies (kJ/mol)
          Angle    Proper Dih.  Improper Dih.          LJ-14     Coulomb-14
    9.85762e+02    1.15083e+03    8.26702e+01    4.60051e+02    5.95546e+03
        LJ (SR)  Disper. corr.   Coulomb (SR)   Coul. recip. Position Rest.
    2.44539e+05   -1.34387e+04   -1.86729e+06    9.86836e+03    1.65510e+02
      Potential    Kinetic En.   Total Energy  Conserved En.    Temperature
   -1.61752e+06    3.00720e+05   -1.31680e+06   -1.65528e+06    3.08922e+02
 Pres. DC (bar) Pressure (bar)   Constr. rmsd
   -1.86463e+02   -4.63497e+01    3.61660e-05

	<======  ###############  ==>
	<====  A V E R A G E S  ====>
	<==  ###############  ======>

	Statistics over 50001 steps using 501 frames

   Energies (kJ/mol)
          Angle    Proper Dih.  Improper Dih.          LJ-14     Coulomb-14
    1.00085e+03    1.16635e+03    8.64055e+01    4.74296e+02    5.99093e+03
        LJ (SR)  Disper. corr.   Coulomb (SR)   Coul. recip. Position Rest.
    2.44670e+05   -1.34387e+04   -1.86873e+06    9.75505e+03    1.79072e+02
      Potential    Kinetic En.   Total Energy  Conserved En.    Temperature
   -1.61885e+06    3.01414e+05   -1.31743e+06   -1.65449e+06    3.09636e+02
 Pres. DC (bar) Pressure (bar)   Constr. rmsd
   -1.86463e+02   -5.84554e+01    0.00000e+00

   Total Virial (kJ/mol)
    1.03926e+05   -8.43994e+01    3.97590e+01
   -8.29974e+01    1.02079e+05    9.24472e+01
    3.73962e+01    8.51126e+01    1.01737e+05

   Pressure (bar)
   -9.60181e+01    1.87921e+00   -1.08822e+00
    1.84035e+00   -4.38241e+01   -3.36492e+00
   -1.02273e+00   -3.16163e+00   -3.55240e+01

      T-Protein  T-non-Protein
    3.07660e+02    3.09643e+02


       P P   -   P M E   L O A D   B A L A N C I N G

 PP/PME load balancing changed the cut-off and PME settings:
           particle-particle                    PME
            rcoulomb  rlist            grid      spacing   1/beta
   initial  1.000 nm  1.097 nm      80  80  80   0.149 nm  0.320 nm
   final    1.035 nm  1.132 nm      72  72  72   0.166 nm  0.331 nm
 cost-ratio           1.10             0.73
 (note that these numbers concern only part of the total PP and PME load)


	M E G A - F L O P S   A C C O U N T I N G

 NB=Group-cutoff nonbonded kernels    NxN=N-by-N cluster Verlet kernels
 RF=Reaction-Field  VdW=Van der Waals  QSTab=quadratic-spline table
 W3=SPC/TIP3p  W4=TIP4p (single or pairs)
 V&F=Potential and force  V=Potential only  F=Force only

 Computing:                               M-Number         M-Flops  % Flops
-----------------------------------------------------------------------------
 Pair Search distance check           19140.500528      172264.505     0.0
 NxN Ewald Elec. + LJ [F]           5209014.596800   343794963.389    95.6
 NxN Ewald Elec. + LJ [V&F]           52725.805312     5641661.168     1.6
 1,4 nonbonded interactions              59.801196        5382.108     0.0
 Calc Weights                         17546.300919      631666.833     0.2
 Spread Q Bspline                    374321.086272      748642.173     0.2
 Gather F Bspline                    374321.086272     2245926.518     0.6
 3D-FFT                              689526.016352     5516208.131     1.5
 Solve PME                              258.837824       16565.621     0.0
 Shift-X                                146.333223         877.999     0.0
 Angles                                  41.300826        6938.539     0.0
 Propers                                 62.251245       14255.535     0.0
 Impropers                                6.050121        1258.425     0.0
 Pos. Restr.                             11.700234         585.012     0.0
 Virial                                  58.626018        1055.268     0.0
 Stop-CM                                 58.720446         587.204     0.0
 Calc-Ekin                             1169.963946       31589.027     0.0
 Lincs                                   22.851371        1371.082     0.0
 Lincs-Mat                              495.629736        1982.519     0.0
 Constraint-V                          5860.984430       46887.875     0.0
 Constraint-Vir                          58.495758        1403.898     0.0
 Settle                                1938.466301      626124.615     0.2
-----------------------------------------------------------------------------
 Total                                               359508197.444   100.0
-----------------------------------------------------------------------------


     R E A L   C Y C L E   A N D   T I M E   A C C O U N T I N G

On 1 MPI rank, each using 8 OpenMP threads

 Computing:          Num   Num      Call    Wall time         Giga-Cycles
                     Ranks Threads  Count      (s)         total sum    %
-----------------------------------------------------------------------------
 Neighbor search        1    8       1251      18.613        417.977   4.1
 Launch GPU ops.        1    8      50001      10.284        230.954   2.2
 Force                  1    8      50001       9.385        210.755   2.0
 PME mesh               1    8      50001     329.100       7390.449  71.9
 Wait GPU local         1    8      50001      16.002        359.346   3.5
 NB X/F buffer ops.     1    8      98751      19.293        433.259   4.2
 Write traj.            1    8        101       6.098        136.949   1.3
 Update                 1    8      50001      26.446        593.876   5.8
 Constraints            1    8      50001      19.166        430.405   4.2
 Rest                                           3.613         81.136   0.8
-----------------------------------------------------------------------------
 Total                                        458.000      10285.105 100.0
-----------------------------------------------------------------------------
 Breakdown of PME mesh computation
-----------------------------------------------------------------------------
 PME spread/gather      1    8     100002     248.146       5572.516  54.2
 PME 3D-FFT             1    8     100002      69.617       1563.348  15.2
 PME solve Elec         1    8      50001      11.102        249.317   2.4
-----------------------------------------------------------------------------

 GPU timings
-----------------------------------------------------------------------------
 Computing:                         Count  Wall t (s)      ms/step       %
-----------------------------------------------------------------------------
 Pair list H2D                       1251       1.120        0.895     0.4
 X / q H2D                          50001      13.657        0.273     4.7
 Nonbonded F kernel                 48500     254.348        5.244    88.4
 Nonbonded F+ene k.                   250       1.914        7.656     0.7
 Nonbonded F+prune k.                1000       6.733        6.733     2.3
 Nonbonded F+ene+prune k.             251       2.350        9.361     0.8
 F D2H                              50001       7.442        0.149     2.6
-----------------------------------------------------------------------------
 Total                                        287.563        5.751   100.0
-----------------------------------------------------------------------------

Average per-step force GPU/CPU evaluation time ratio: 5.751 ms/6.770 ms = 0.850
For optimal performance this ratio should be close to 1!

               Core t (s)   Wall t (s)        (%)
       Time:     3664.000      458.000      800.0
                 (ns/day)    (hour/ns)
Performance:       18.865        1.272
Finished mdrun on rank 0 Wed Sep 27 11:50:45 2017
